<?xml version="1.0" encoding="UTF-8"?>
<!-- Generated by org.testng.reporters.JUnitXMLReporter -->
<testsuite hostname="LH7U05CG6422Q5G" ignored="11" name="Default test" tests="1" failures="1" timestamp="02 Nov 2018 09:14:30 GMT" time="29.421" errors="0">
  <testcase name="testPaymentDetailsWithShowALLFilter" time="15.264" classname="test.java.TestProviderViewPayments">
    <failure type="java.lang.NullPointerException">
      <![CDATA[java.lang.NullPointerException
	at main.java.nativeFunctions.TestBase.getUsername(TestBase.java:405)
	at main.java.pageObjects.OptumIdLoginPage.getDetailOfUserToBeLoggedIn(OptumIdLoginPage.java:90)
	at main.java.pageObjects.OptumIdLoginPage.loginWithOptumID(OptumIdLoginPage.java:104)
	at test.java.TestProviderViewPayments.testPaymentDetailsWithShowALLFilter(TestProviderViewPayments.java:53)
	at sun.reflect.NativeMethodAccessorImpl.invoke0(Native Method)
	at sun.reflect.NativeMethodAccessorImpl.invoke(NativeMethodAccessorImpl.java:62)
	at sun.reflect.DelegatingMethodAccessorImpl.invoke(DelegatingMethodAccessorImpl.java:43)
	at java.lang.reflect.Method.invoke(Method.java:498)
	at org.testng.internal.MethodInvocationHelper.invokeMethod(MethodInvocationHelper.java:108)
	at org.testng.internal.Invoker.invokeMethod(Invoker.java:661)
	at org.testng.internal.Invoker.invokeTestMethod(Invoker.java:869)
	at org.testng.internal.Invoker.invokeTestMethods(Invoker.java:1193)
	at org.testng.internal.TestMethodWorker.invokeTestMethods(TestMethodWorker.java:126)
	at org.testng.internal.TestMethodWorker.run(TestMethodWorker.java:109)
	at org.testng.TestRunner.privateRun(TestRunner.java:744)
	at org.testng.TestRunner.run(TestRunner.java:602)
	at org.testng.SuiteRunner.runTest(SuiteRunner.java:380)
	at org.testng.SuiteRunner.runSequentially(SuiteRunner.java:375)
	at org.testng.SuiteRunner.privateRun(SuiteRunner.java:340)
	at org.testng.SuiteRunner.run(SuiteRunner.java:289)
	at org.testng.SuiteRunnerWorker.runSuite(SuiteRunnerWorker.java:52)
	at org.testng.SuiteRunnerWorker.run(SuiteRunnerWorker.java:86)
	at org.testng.TestNG.runSuitesSequentially(TestNG.java:1301)
	at org.testng.TestNG.runSuitesLocally(TestNG.java:1226)
	at org.testng.TestNG.runSuites(TestNG.java:1144)
	at org.testng.TestNG.run(TestNG.java:1115)
	at org.testng.remote.AbstractRemoteTestNG.run(AbstractRemoteTestNG.java:126)
	at org.testng.remote.RemoteTestNG.initAndRun(RemoteTestNG.java:137)
	at org.testng.remote.RemoteTestNG.main(RemoteTestNG.java:58)
]]>
    </failure>
  </testcase> <!-- testPaymentDetailsWithShowALLFilter -->
  <testcase name="testRemitPayments" time="0.0" classname="test.java.TestProviderViewPayments">
    <ignored/>
  </testcase> <!-- testRemitPayments -->
  <testcase name="testPaymentDetailsWithSpecificMarketTypeFilter" time="0.0" classname="test.java.TestProviderViewPayments">
    <ignored/>
  </testcase> <!-- testPaymentDetailsWithSpecificMarketTypeFilter -->
  <testcase name="testArchivedPaymentsFilterActiveOnly" time="0.0" classname="test.java.TestProviderViewPayments">
    <ignored/>
  </testcase> <!-- testArchivedPaymentsFilterActiveOnly -->
  <testcase name="testZeroDollarACHPayments" time="0.0" classname="test.java.TestProviderViewPayments">
    <ignored/>
  </testcase> <!-- testZeroDollarACHPayments -->
  <testcase name="testPaymentDetailsWithALLMarketTypeFilter" time="0.0" classname="test.java.TestProviderViewPayments">
    <ignored/>
  </testcase> <!-- testPaymentDetailsWithALLMarketTypeFilter -->
  <testcase name="testZeroDollarVCPPayments" time="0.0" classname="test.java.TestProviderViewPayments">
    <ignored/>
  </testcase> <!-- testZeroDollarVCPPayments -->
  <testcase name="testPaymentDateSorting" time="0.0" classname="test.java.TestProviderViewPayments">
    <ignored/>
  </testcase> <!-- testPaymentDateSorting -->
  <testcase name="testFailedPayments" time="0.0" classname="test.java.TestProviderViewPayments">
    <ignored/>
  </testcase> <!-- testFailedPayments -->
  <testcase name="testPaymentDetailsWithNPIOnlyFilter" time="0.0" classname="test.java.TestProviderViewPayments">
    <ignored/>
  </testcase> <!-- testPaymentDetailsWithNPIOnlyFilter -->
  <testcase name="testArchivedPaymentsFilterShowALL" time="0.0" classname="test.java.TestProviderViewPayments">
    <ignored/>
  </testcase> <!-- testArchivedPaymentsFilterShowALL -->
  <testcase name="testPaymentDetailsWithTinOnlyFilter" time="0.0" classname="test.java.TestProviderViewPayments">
    <ignored/>
  </testcase> <!-- testPaymentDetailsWithTinOnlyFilter -->
</testsuite> <!-- Default test -->
