<?xml version="1.0" encoding="UTF-8"?>
<!-- Generated by org.testng.reporters.JUnitXMLReporter -->
<testsuite hostname="LH7U05CG7493TX7" ignored="11" name="Default test" tests="1" failures="0" timestamp="01 Mar 2019 14:43:14 GMT" time="212.074" errors="0">
  <testcase name="testFooterContents" time="204.608" classname="test.java.TestUS1202167"/>
  <testcase name="testUserEnrollmentAsBS" time="0.0" classname="test.java.TestUS1202167">
    <ignored/>
  </testcase> <!-- testUserEnrollmentAsBS -->
  <testcase name="testErrorMsgs" time="0.0" classname="test.java.TestUS1202167">
    <ignored/>
  </testcase> <!-- testErrorMsgs -->
  <testcase name="testPopUpAfterChoosingHealthOrg" time="0.0" classname="test.java.TestUS1202167">
    <ignored/>
  </testcase> <!-- testPopUpAfterChoosingHealthOrg -->
  <testcase name="testChangeLinkFunctionality" time="0.0" classname="test.java.TestUS1202167">
    <ignored/>
  </testcase> <!-- testChangeLinkFunctionality -->
  <testcase name="testCancelEnrollmentPopUp" time="0.0" classname="test.java.TestUS1202167">
    <ignored/>
  </testcase> <!-- testCancelEnrollmentPopUp -->
  <testcase name="testUserEnrollmentAsHealthOrg" time="0.0" classname="test.java.TestUS1202167">
    <ignored/>
  </testcase> <!-- testUserEnrollmentAsHealthOrg -->
  <testcase name="testEnrollAsVCPandACH" time="0.0" classname="test.java.TestUS1202167">
    <ignored/>
  </testcase> <!-- testEnrollAsVCPandACH -->
  <testcase name="testChooseVCPandACH" time="0.0" classname="test.java.TestUS1202167">
    <ignored/>
  </testcase> <!-- testChooseVCPandACH -->
  <testcase name="testEnrollAsVCP" time="0.0" classname="test.java.TestUS1202167">
    <ignored/>
  </testcase> <!-- testEnrollAsVCP -->
  <testcase name="testChooseVCP" time="0.0" classname="test.java.TestUS1202167">
    <ignored/>
  </testcase> <!-- testChooseVCP -->
  <testcase name="testSurveyTablesAndResponse" time="0.0" classname="test.java.TestUS1202167">
    <ignored/>
  </testcase> <!-- testSurveyTablesAndResponse -->
</testsuite> <!-- Default test -->
