<?xml version="1.0" encoding="UTF-8"?>
<!-- Generated by org.testng.reporters.JUnitXMLReporter -->
<testsuite hostname="LH7U05CG6375FL0" ignored="11" name="Default test" tests="1" failures="0" timestamp="25 Oct 2018 13:25:05 GMT" time="169.693" errors="0">
  <testcase name="testPaymentDetailsWithShowALLFilter" time="158.993" classname="test.java.TestProviderViewPayments"/>
  <testcase name="testRemitPayments" time="0.0" classname="test.java.TestProviderViewPayments">
    <ignored/>
  </testcase> <!-- testRemitPayments -->
  <testcase name="testPaymentDetailsWithSpecificMarketTypeFilter" time="0.0" classname="test.java.TestProviderViewPayments">
    <ignored/>
  </testcase> <!-- testPaymentDetailsWithSpecificMarketTypeFilter -->
  <testcase name="testArchivedPaymentsFilterActiveOnly" time="0.0" classname="test.java.TestProviderViewPayments">
    <ignored/>
  </testcase> <!-- testArchivedPaymentsFilterActiveOnly -->
  <testcase name="testZeroDollarACHPayments" time="0.0" classname="test.java.TestProviderViewPayments">
    <ignored/>
  </testcase> <!-- testZeroDollarACHPayments -->
  <testcase name="testPaymentDetailsWithALLMarketTypeFilter" time="0.0" classname="test.java.TestProviderViewPayments">
    <ignored/>
  </testcase> <!-- testPaymentDetailsWithALLMarketTypeFilter -->
  <testcase name="testZeroDollarVCPPayments" time="0.0" classname="test.java.TestProviderViewPayments">
    <ignored/>
  </testcase> <!-- testZeroDollarVCPPayments -->
  <testcase name="testPaymentDateSorting" time="0.0" classname="test.java.TestProviderViewPayments">
    <ignored/>
  </testcase> <!-- testPaymentDateSorting -->
  <testcase name="testFailedPayments" time="0.0" classname="test.java.TestProviderViewPayments">
    <ignored/>
  </testcase> <!-- testFailedPayments -->
  <testcase name="testPaymentDetailsWithNPIOnlyFilter" time="0.0" classname="test.java.TestProviderViewPayments">
    <ignored/>
  </testcase> <!-- testPaymentDetailsWithNPIOnlyFilter -->
  <testcase name="testArchivedPaymentsFilterShowALL" time="0.0" classname="test.java.TestProviderViewPayments">
    <ignored/>
  </testcase> <!-- testArchivedPaymentsFilterShowALL -->
  <testcase name="testPaymentDetailsWithTinOnlyFilter" time="0.0" classname="test.java.TestProviderViewPayments">
    <ignored/>
  </testcase> <!-- testPaymentDetailsWithTinOnlyFilter -->
</testsuite> <!-- Default test -->
