<?xml version="1.0" encoding="UTF-8"?>
<!-- Generated by org.testng.reporters.JUnitXMLReporter -->
<testsuite hostname="LH7U05CG6452K0D" ignored="4" name="Default test" tests="1" failures="0" timestamp="22 Mar 2018 10:28:32 GMT" time="75.733" errors="0">
  <testcase name="testCreatingNewUser" time="75.703" classname="test.java.TestManageUsers"/>
  <testcase name="testUserListSorting" time="0.0" classname="test.java.TestManageUsers">
    <ignored/>
  </testcase> <!-- testUserListSorting -->
  <testcase name="testTinGridDetails" time="0.0" classname="test.java.TestManageUsers">
    <ignored/>
  </testcase> <!-- testTinGridDetails -->
  <testcase name="testAddNewUserValidations" time="0.0" classname="test.java.TestManageUsers">
    <ignored/>
  </testcase> <!-- testAddNewUserValidations -->
  <testcase name="testChangesInExistingActiveUser" time="0.0" classname="test.java.TestManageUsers">
    <ignored/>
  </testcase> <!-- testChangesInExistingActiveUser -->
</testsuite> <!-- Default test -->
