<?xml version="1.0" encoding="UTF-8"?>
<!-- Generated by org.testng.reporters.JUnitXMLReporter -->
<testsuite hostname="LHTU05CG7425K9C" ignored="95" name="Default test" tests="1" failures="0" timestamp="04 Sep 2019 11:33:42 GMT" time="43.853" errors="0">
  <testcase name="testValiDateButtons" time="33.939" classname="test.java.TestCreateEnrollment"/>
  <testcase name="testW9Form" time="0.0" classname="test.java.TestCreateEnrollment">
    <ignored/>
  </testcase> <!-- testW9Form -->
  <testcase name="testEnrollAsVCPandACH" time="0.0" classname="test.java.TestCreateEnrollment">
    <ignored/>
  </testcase> <!-- testEnrollAsVCPandACH -->
  <testcase name="testTINNotEnrolled" time="0.0" classname="test.java.TestCreateEnrollment">
    <ignored/>
  </testcase> <!-- testTINNotEnrolled -->
  <testcase name="testUserEnrollmentAsHealthOrg" time="0.0" classname="test.java.TestCreateEnrollment">
    <ignored/>
  </testcase> <!-- testUserEnrollmentAsHealthOrg -->
  <testcase name="testChooseVCP" time="0.0" classname="test.java.TestCreateEnrollment">
    <ignored/>
  </testcase> <!-- testChooseVCP -->
  <testcase name="testValiDateSecProvEmailComp" time="0.0" classname="test.java.TestCreateEnrollment">
    <ignored/>
  </testcase> <!-- testValiDateSecProvEmailComp -->
  <testcase name="testErrorMsgs" time="0.0" classname="test.java.TestCreateEnrollment">
    <ignored/>
  </testcase> <!-- testErrorMsgs -->
  <testcase name="testPDFVerificationforBS" time="0.0" classname="test.java.TestCreateEnrollment">
    <ignored/>
  </testcase> <!-- testPDFVerificationforBS -->
  <testcase name="testPreEnrolledBSTINReturnToLogin" time="0.0" classname="test.java.TestCreateEnrollment">
    <ignored/>
  </testcase> <!-- testPreEnrolledBSTINReturnToLogin -->
  <testcase name="testUserEnrollmntAsBSClckUXDS" time="0.0" classname="test.java.TestCreateEnrollment">
    <ignored/>
  </testcase> <!-- testUserEnrollmntAsBSClckUXDS -->
  <testcase name="testUserEnrollmntAsBSVerifyFootButton" time="0.0" classname="test.java.TestCreateEnrollment">
    <ignored/>
  </testcase> <!-- testUserEnrollmntAsBSVerifyFootButton -->
  <testcase name="testInactiveUnBlockedTIN" time="0.0" classname="test.java.TestCreateEnrollment">
    <ignored/>
  </testcase> <!-- testInactiveUnBlockedTIN -->
  <testcase name="testUserEnrollmntAsBSverifySpecChar" time="0.0" classname="test.java.TestCreateEnrollment">
    <ignored/>
  </testcase> <!-- testUserEnrollmntAsBSverifySpecChar -->
  <testcase name="testValidateBenefitsOfEPSLink" time="0.0" classname="test.java.TestCreateEnrollment">
    <ignored/>
  </testcase> <!-- testValidateBenefitsOfEPSLink -->
  <testcase name="testContentManagedActiveBSTIN" time="0.0" classname="test.java.TestCreateEnrollment">
    <ignored/>
  </testcase> <!-- testContentManagedActiveBSTIN -->
  <testcase name="testChooseVCPandACH" time="0.0" classname="test.java.TestCreateEnrollment">
    <ignored/>
  </testcase> <!-- testChooseVCPandACH -->
  <testcase name="testValiDateWthBlnkData" time="0.0" classname="test.java.TestCreateEnrollment">
    <ignored/>
  </testcase> <!-- testValiDateWthBlnkData -->
  <testcase name="testUserEnrollmntAsBSClckOnSavChng" time="0.0" classname="test.java.TestCreateEnrollment">
    <ignored/>
  </testcase> <!-- testUserEnrollmntAsBSClckOnSavChng -->
  <testcase name="testTINNotEnrolledVO" time="0.0" classname="test.java.TestCreateEnrollment">
    <ignored/>
  </testcase> <!-- testTINNotEnrolledVO -->
  <testcase name="testContentManaged" time="0.0" classname="test.java.TestCreateEnrollment">
    <ignored/>
  </testcase> <!-- testContentManaged -->
  <testcase name="testTINNotEnrolledAV" time="0.0" classname="test.java.TestCreateEnrollment">
    <ignored/>
  </testcase> <!-- testTINNotEnrolledAV -->
  <testcase name="testEnrolledInactiveAndBlockStatusTIN" time="0.0" classname="test.java.TestCreateEnrollment">
    <ignored/>
  </testcase> <!-- testEnrolledInactiveAndBlockStatusTIN -->
  <testcase name="testValiDateCompEmail" time="0.0" classname="test.java.TestCreateEnrollment">
    <ignored/>
  </testcase> <!-- testValiDateCompEmail -->
  <testcase name="testEnrolledActiveBSTIN" time="0.0" classname="test.java.TestCreateEnrollment">
    <ignored/>
  </testcase> <!-- testEnrolledActiveBSTIN -->
  <testcase name="testUserEnrollmntAsBSverifyErrorMsg" time="0.0" classname="test.java.TestCreateEnrollment">
    <ignored/>
  </testcase> <!-- testUserEnrollmntAsBSverifyErrorMsg -->
  <testcase name="testValiDateErrMsgFirstNames" time="0.0" classname="test.java.TestCreateEnrollment">
    <ignored/>
  </testcase> <!-- testValiDateErrMsgFirstNames -->
  <testcase name="testCancelAndContinueBtn" time="0.0" classname="test.java.TestCreateEnrollment">
    <ignored/>
  </testcase> <!-- testCancelAndContinueBtn -->
  <testcase name="testAutoEnrolledPreEnrollmentStatusTIN" time="0.0" classname="test.java.TestCreateEnrollment">
    <ignored/>
  </testcase> <!-- testAutoEnrolledPreEnrollmentStatusTIN -->
  <testcase name="testValiDatePrmrySpCharErrMsgNames" time="0.0" classname="test.java.TestCreateEnrollment">
    <ignored/>
  </testcase> <!-- testValiDatePrmrySpCharErrMsgNames -->
  <testcase name="testPreEnrolledBSTIN" time="0.0" classname="test.java.TestCreateEnrollment">
    <ignored/>
  </testcase> <!-- testPreEnrolledBSTIN -->
  <testcase name="testUserEnrollmntAsBSClickYes" time="0.0" classname="test.java.TestCreateEnrollment">
    <ignored/>
  </testcase> <!-- testUserEnrollmntAsBSClickYes -->
  <testcase name="testBtnCancelPopUpClickNo" time="0.0" classname="test.java.TestCreateEnrollment">
    <ignored/>
  </testcase> <!-- testBtnCancelPopUpClickNo -->
  <testcase name="testAbleToDwnldEnrlmntPdf" time="0.0" classname="test.java.TestCreateEnrollment">
    <ignored/>
  </testcase> <!-- testAbleToDwnldEnrlmntPdf -->
  <testcase name="testUXDSMatch" time="0.0" classname="test.java.TestCreateEnrollment">
    <ignored/>
  </testcase> <!-- testUXDSMatch -->
  <testcase name="testValiDateEmailErr" time="0.0" classname="test.java.TestCreateEnrollment">
    <ignored/>
  </testcase> <!-- testValiDateEmailErr -->
  <testcase name="testPageContextFromDB" time="0.0" classname="test.java.TestCreateEnrollment">
    <ignored/>
  </testcase> <!-- testPageContextFromDB -->
  <testcase name="testUXDSHTML" time="0.0" classname="test.java.TestCreateEnrollment">
    <ignored/>
  </testcase> <!-- testUXDSHTML -->
  <testcase name="testBeginEnrollmentOtherRadioSelectedErrorValidation" time="0.0" classname="test.java.TestCreateEnrollment">
    <ignored/>
  </testcase> <!-- testBeginEnrollmentOtherRadioSelectedErrorValidation -->
  <testcase name="testBtnCancelPopUp" time="0.0" classname="test.java.TestCreateEnrollment">
    <ignored/>
  </testcase> <!-- testBtnCancelPopUp -->
  <testcase name="testUserEnrollmntAsBSVerifyHeaders" time="0.0" classname="test.java.TestCreateEnrollment">
    <ignored/>
  </testcase> <!-- testUserEnrollmntAsBSVerifyHeaders -->
  <testcase name="testBeginEnrollmentValidateLmtOfChars" time="0.0" classname="test.java.TestCreateEnrollment">
    <ignored/>
  </testcase> <!-- testBeginEnrollmentValidateLmtOfChars -->
  <testcase name="testCancelEnrollment" time="0.0" classname="test.java.TestCreateEnrollment">
    <ignored/>
  </testcase> <!-- testCancelEnrollment -->
  <testcase name="testUserEnrollmntAsBSClickFederalW9link" time="0.0" classname="test.java.TestCreateEnrollment">
    <ignored/>
  </testcase> <!-- testUserEnrollmntAsBSClickFederalW9link -->
  <testcase name="testFieldValidations" time="0.0" classname="test.java.TestCreateEnrollment">
    <ignored/>
  </testcase> <!-- testFieldValidations -->
  <testcase name="testValidateBillingServiceFieldsWithSpecialChar" time="0.0" classname="test.java.TestCreateEnrollment">
    <ignored/>
  </testcase> <!-- testValidateBillingServiceFieldsWithSpecialChar -->
  <testcase name="testUserEnrollmntAsBSClckCancEnrollNclckNo" time="0.0" classname="test.java.TestCreateEnrollment">
    <ignored/>
  </testcase> <!-- testUserEnrollmntAsBSClckCancEnrollNclckNo -->
  <testcase name="testPopUpAfterChoosingHealthOrg" time="0.0" classname="test.java.TestCreateEnrollment">
    <ignored/>
  </testcase> <!-- testPopUpAfterChoosingHealthOrg -->
  <testcase name="testBeginEnrollmentQuestions" time="0.0" classname="test.java.TestCreateEnrollment">
    <ignored/>
  </testcase> <!-- testBeginEnrollmentQuestions -->
  <testcase name="testCancelEnrollmentPopUp" time="0.0" classname="test.java.TestCreateEnrollment">
    <ignored/>
  </testcase> <!-- testCancelEnrollmentPopUp -->
  <testcase name="testEnrolledPreEnrollmentStatusTIN" time="0.0" classname="test.java.TestCreateEnrollment">
    <ignored/>
  </testcase> <!-- testEnrolledPreEnrollmentStatusTIN -->
  <testcase name="testEnrolledActiveStatusTIN" time="0.0" classname="test.java.TestCreateEnrollment">
    <ignored/>
  </testcase> <!-- testEnrolledActiveStatusTIN -->
  <testcase name="testContentManagedPendingEnrollmentBSTIN" time="0.0" classname="test.java.TestCreateEnrollment">
    <ignored/>
  </testcase> <!-- testContentManagedPendingEnrollmentBSTIN -->
  <testcase name="testUserEnrollmentAsBS" time="0.0" classname="test.java.TestCreateEnrollment">
    <ignored/>
  </testcase> <!-- testUserEnrollmentAsBS -->
  <testcase name="testValidateCancelEnrlmntBtn" time="0.0" classname="test.java.TestCreateEnrollment">
    <ignored/>
  </testcase> <!-- testValidateCancelEnrlmntBtn -->
  <testcase name="testPDFVerificationforACHandVCP" time="0.0" classname="test.java.TestCreateEnrollment">
    <ignored/>
  </testcase> <!-- testPDFVerificationforACHandVCP -->
  <testcase name="testPDFVerificationforACH" time="0.0" classname="test.java.TestCreateEnrollment">
    <ignored/>
  </testcase> <!-- testPDFVerificationforACH -->
  <testcase name="testBeginEnrollmentErrorValidation" time="0.0" classname="test.java.TestCreateEnrollment">
    <ignored/>
  </testcase> <!-- testBeginEnrollmentErrorValidation -->
  <testcase name="testValiDateErrMsgNames" time="0.0" classname="test.java.TestCreateEnrollment">
    <ignored/>
  </testcase> <!-- testValiDateErrMsgNames -->
  <testcase name="testValidateBillingServiceFieldsLeftBlank" time="0.0" classname="test.java.TestCreateEnrollment">
    <ignored/>
  </testcase> <!-- testValidateBillingServiceFieldsLeftBlank -->
  <testcase name="testHowToEnrollLink" time="0.0" classname="test.java.TestCreateEnrollment">
    <ignored/>
  </testcase> <!-- testHowToEnrollLink -->
  <testcase name="testChangeLinkFunctionality" time="0.0" classname="test.java.TestCreateEnrollment">
    <ignored/>
  </testcase> <!-- testChangeLinkFunctionality -->
  <testcase name="testUserEnrollmntAsBSvlDtHeader" time="0.0" classname="test.java.TestCreateEnrollment">
    <ignored/>
  </testcase> <!-- testUserEnrollmntAsBSvlDtHeader -->
  <testcase name="testHeaderLinks" time="0.0" classname="test.java.TestCreateEnrollment">
    <ignored/>
  </testcase> <!-- testHeaderLinks -->
  <testcase name="testDownloadEnrollmentForm" time="0.0" classname="test.java.TestCreateEnrollment">
    <ignored/>
  </testcase> <!-- testDownloadEnrollmentForm -->
  <testcase name="testUserEnrollmntAsBSNavigateToUpldW9page" time="0.0" classname="test.java.TestCreateEnrollment">
    <ignored/>
  </testcase> <!-- testUserEnrollmntAsBSNavigateToUpldW9page -->
  <testcase name="testDupEmailErrorForSecondaryProvWithNo" time="0.0" classname="test.java.TestCreateEnrollment">
    <ignored/>
  </testcase> <!-- testDupEmailErrorForSecondaryProvWithNo -->
  <testcase name="testEnrollAsVCP" time="0.0" classname="test.java.TestCreateEnrollment">
    <ignored/>
  </testcase> <!-- testEnrollAsVCP -->
  <testcase name="testValiDatePrmErrMsg" time="0.0" classname="test.java.TestCreateEnrollment">
    <ignored/>
  </testcase> <!-- testValiDatePrmErrMsg -->
  <testcase name="testSurveyTablesAndResponse" time="0.0" classname="test.java.TestCreateEnrollment">
    <ignored/>
  </testcase> <!-- testSurveyTablesAndResponse -->
  <testcase name="testValiDateErrMsg" time="0.0" classname="test.java.TestCreateEnrollment">
    <ignored/>
  </testcase> <!-- testValiDateErrMsg -->
  <testcase name="testPageContent" time="0.0" classname="test.java.TestCreateEnrollment">
    <ignored/>
  </testcase> <!-- testPageContent -->
  <testcase name="testDupEmailErrorForSecondaryProvWithYes" time="0.0" classname="test.java.TestCreateEnrollment">
    <ignored/>
  </testcase> <!-- testDupEmailErrorForSecondaryProvWithYes -->
  <testcase name="testPDFVerificationforVCP" time="0.0" classname="test.java.TestCreateEnrollment">
    <ignored/>
  </testcase> <!-- testPDFVerificationforVCP -->
  <testcase name="testUserEnrollmntAsBSvlDtFooter" time="0.0" classname="test.java.TestCreateEnrollment">
    <ignored/>
  </testcase> <!-- testUserEnrollmntAsBSvlDtFooter -->
  <testcase name="testTINNotEnrolledAO" time="0.0" classname="test.java.TestCreateEnrollment">
    <ignored/>
  </testcase> <!-- testTINNotEnrolledAO -->
  <testcase name="testclickACHAddenfumRecrd" time="0.0" classname="test.java.TestCreateEnrollment">
    <ignored/>
  </testcase> <!-- testclickACHAddenfumRecrd -->
  <testcase name="testUserEnrollmntAsBSBckToProvdr" time="0.0" classname="test.java.TestCreateEnrollment">
    <ignored/>
  </testcase> <!-- testUserEnrollmntAsBSBckToProvdr -->
  <testcase name="testEnrolledActiveBSTINReturnToLogin" time="0.0" classname="test.java.TestCreateEnrollment">
    <ignored/>
  </testcase> <!-- testEnrolledActiveBSTINReturnToLogin -->
  <testcase name="testExitEnrollmentforBS" time="0.0" classname="test.java.TestCreateEnrollment">
    <ignored/>
  </testcase> <!-- testExitEnrollmentforBS -->
  <testcase name="testBtnCancelPopUpClickYes" time="0.0" classname="test.java.TestCreateEnrollment">
    <ignored/>
  </testcase> <!-- testBtnCancelPopUpClickYes -->
  <testcase name="testBeforeYouBeginEnrollmentPage" time="0.0" classname="test.java.TestCreateEnrollment">
    <ignored/>
  </testcase> <!-- testBeforeYouBeginEnrollmentPage -->
  <testcase name="testFooterContents" time="0.0" classname="test.java.TestCreateEnrollment">
    <ignored/>
  </testcase> <!-- testFooterContents -->
  <testcase name="testDupEmailErrorForPrimaryProvWithYes" time="0.0" classname="test.java.TestCreateEnrollment">
    <ignored/>
  </testcase> <!-- testDupEmailErrorForPrimaryProvWithYes -->
  <testcase name="testHeaderDisplayforVO" time="0.0" classname="test.java.TestCreateEnrollment">
    <ignored/>
  </testcase> <!-- testHeaderDisplayforVO -->
  <testcase name="testContinueEnrollment" time="0.0" classname="test.java.TestCreateEnrollment">
    <ignored/>
  </testcase> <!-- testContinueEnrollment -->
  <testcase name="testDupEmailErrorForPrimaryProvWithNo" time="0.0" classname="test.java.TestCreateEnrollment">
    <ignored/>
  </testcase> <!-- testDupEmailErrorForPrimaryProvWithNo -->
  <testcase name="testHeaderDisplayforAV" time="0.0" classname="test.java.TestCreateEnrollment">
    <ignored/>
  </testcase> <!-- testHeaderDisplayforAV -->
  <testcase name="testEnrolledActiveBSTINDetails" time="0.0" classname="test.java.TestCreateEnrollment">
    <ignored/>
  </testcase> <!-- testEnrolledActiveBSTINDetails -->
  <testcase name="testValiDateSecSpCharErrMsgNames" time="0.0" classname="test.java.TestCreateEnrollment">
    <ignored/>
  </testcase> <!-- testValiDateSecSpCharErrMsgNames -->
  <testcase name="testHeaderDisplayforAO" time="0.0" classname="test.java.TestCreateEnrollment">
    <ignored/>
  </testcase> <!-- testHeaderDisplayforAO -->
  <testcase name="testDupEmailErrorForBothPrimaryAndSecondaryProv" time="0.0" classname="test.java.TestCreateEnrollment">
    <ignored/>
  </testcase> <!-- testDupEmailErrorForBothPrimaryAndSecondaryProv -->
  <testcase name="testUserEnrollmntAsBSClckReiewNSbmtEdit" time="0.0" classname="test.java.TestCreateEnrollment">
    <ignored/>
  </testcase> <!-- testUserEnrollmntAsBSClckReiewNSbmtEdit -->
  <testcase name="testValiDatePrmryEmailErr" time="0.0" classname="test.java.TestCreateEnrollment">
    <ignored/>
  </testcase> <!-- testValiDatePrmryEmailErr -->
  <testcase name="testApprovedUIforAO" time="0.0" classname="test.java.TestCreateEnrollment">
    <ignored/>
  </testcase> <!-- testApprovedUIforAO -->
  <testcase name="testVerifyExitEnrollemnt" time="0.0" classname="test.java.TestCreateEnrollment">
    <ignored/>
  </testcase> <!-- testVerifyExitEnrollemnt -->
</testsuite> <!-- Default test -->
