<?xml version="1.0" encoding="UTF-8"?>
<testng-results skipped="0" failed="1" ignored="0" total="1" passed="0">
  <reporter-output>
    <line>
      <![CDATA[<font color='Black'>testSuite null</font></br>]]>
    </line>
    <line>
      <![CDATA[<font color='Black'>BrowserType null</font></br>]]>
    </line>
    <line>
      <![CDATA[<font color='Orange'>Running on Environment : Stage</font></br>]]>
    </line>
    <line>
      <![CDATA[<font color='Black'>Running test Suite for: UPA</font></br>]]>
    </line>
    <line>
      <![CDATA[<font color='Black'>testSuite null</font></br>]]>
    </line>
    <line>
      <![CDATA[<font color='Black'>BrowserType null</font></br>]]>
    </line>
    <line>
      <![CDATA[<font color='Orange'>Running on Environment : Stage</font></br>]]>
    </line>
    <line>
      <![CDATA[<font color='Black'>Running test Suite for: UPA</font></br>]]>
    </line>
    <line>
      <![CDATA[<font color='Black'>testSuite null</font></br>]]>
    </line>
    <line>
      <![CDATA[<font color='Black'>BrowserType null</font></br>]]>
    </line>
    <line>
      <![CDATA[<font color='Orange'>Running on Environment : Stage</font></br>]]>
    </line>
    <line>
      <![CDATA[<font color='Black'>Running test Suite for: UPA</font></br>]]>
    </line>
    <line>
      <![CDATA[<font color='Black'>testSuite null</font></br>]]>
    </line>
    <line>
      <![CDATA[<font color='Black'>BrowserType null</font></br>]]>
    </line>
    <line>
      <![CDATA[<font color='Orange'>Running on Environment : Stage</font></br>]]>
    </line>
    <line>
      <![CDATA[<font color='Black'>Running test Suite for: UPA</font></br>]]>
    </line>
    <line>
      <![CDATA[<font color='Black'>** TearUp1---null</font></br>]]>
    </line>
    <line>
      <![CDATA[<font color='Black'>** Browser value is  : null</font></br>]]>
    </line>
    <line>
      <![CDATA[<font color='Black'>Starting execution ..</font></br>]]>
    </line>
    <line>
      <![CDATA[<font color='Black'>Execution environment is Saucelab</font></br>]]>
    </line>
    <line>
      <![CDATA[<font color='Black'>Launched IE browser-- : chrome</font></br>]]>
    </line>
    <line>
      <![CDATA[<font color='Black'>testSuite null</font></br>]]>
    </line>
    <line>
      <![CDATA[<font color='Black'>BrowserType null</font></br>]]>
    </line>
    <line>
      <![CDATA[<font color='Orange'>Running on Environment : Stage</font></br>]]>
    </line>
    <line>
      <![CDATA[<font color='Black'>Running test Suite for: UPA</font></br>]]>
    </line>
    <line>
      <![CDATA[<font color='Black'>testSuite null</font></br>]]>
    </line>
    <line>
      <![CDATA[<font color='Black'>BrowserType null</font></br>]]>
    </line>
    <line>
      <![CDATA[<font color='Orange'>Running on Environment : Stage</font></br>]]>
    </line>
    <line>
      <![CDATA[<font color='Black'>Running test Suite for: UPA</font></br>]]>
    </line>
    <line>
      <![CDATA[<font color='Black'>testSuite null</font></br>]]>
    </line>
    <line>
      <![CDATA[<font color='Black'>BrowserType null</font></br>]]>
    </line>
    <line>
      <![CDATA[<font color='Orange'>Running on Environment : Stage</font></br>]]>
    </line>
    <line>
      <![CDATA[<font color='Black'>Running test Suite for: UPA</font></br>]]>
    </line>
    <line>
      <![CDATA[<font color='Black'>testSuite null</font></br>]]>
    </line>
    <line>
      <![CDATA[<font color='Black'>BrowserType null</font></br>]]>
    </line>
    <line>
      <![CDATA[<font color='Orange'>Running on Environment : Stage</font></br>]]>
    </line>
    <line>
      <![CDATA[<font color='Black'>Running test Suite for: UPA</font></br>]]>
    </line>
    <line>
      <![CDATA[<font color='Black'>testSuite null</font></br>]]>
    </line>
    <line>
      <![CDATA[<font color='Black'>BrowserType null</font></br>]]>
    </line>
    <line>
      <![CDATA[<font color='Orange'>Running on Environment : Stage</font></br>]]>
    </line>
    <line>
      <![CDATA[<font color='Black'>Running test Suite for: UPA</font></br>]]>
    </line>
    <line>
      <![CDATA[<font color='Black'>testSuite null</font></br>]]>
    </line>
    <line>
      <![CDATA[<font color='Black'>BrowserType null</font></br>]]>
    </line>
    <line>
      <![CDATA[<font color='Orange'>Running on Environment : Stage</font></br>]]>
    </line>
    <line>
      <![CDATA[<font color='Black'>Running test Suite for: UPA</font></br>]]>
    </line>
    <line>
      <![CDATA[<font color='Black'>** TearUp1---null</font></br>]]>
    </line>
    <line>
      <![CDATA[<font color='Black'>** Browser value is  : null</font></br>]]>
    </line>
    <line>
      <![CDATA[<font color='Black'>Starting execution ..</font></br>]]>
    </line>
    <line>
      <![CDATA[<font color='Black'>Execution environment is Saucelab</font></br>]]>
    </line>
    <line>
      <![CDATA[<font color='Black'>Launched IE browser-- : chrome</font></br>]]>
    </line>
    <line>
      <![CDATA[<font color='Black'>testSuite null</font></br>]]>
    </line>
    <line>
      <![CDATA[<font color='Black'>BrowserType null</font></br>]]>
    </line>
    <line>
      <![CDATA[<font color='Orange'>Running on Environment : Stage</font></br>]]>
    </line>
    <line>
      <![CDATA[<font color='Black'>Running test Suite for: UPA</font></br>]]>
    </line>
    <line>
      <![CDATA[<font color='Black'>testSuite null</font></br>]]>
    </line>
    <line>
      <![CDATA[<font color='Black'>BrowserType null</font></br>]]>
    </line>
    <line>
      <![CDATA[<font color='Orange'>Running on Environment : Stage</font></br>]]>
    </line>
    <line>
      <![CDATA[<font color='Black'>Running test Suite for: UPA</font></br>]]>
    </line>
    <line>
      <![CDATA[<font color='Black'>testSuite null</font></br>]]>
    </line>
    <line>
      <![CDATA[<font color='Black'>BrowserType null</font></br>]]>
    </line>
    <line>
      <![CDATA[<font color='Orange'>Running on Environment : Stage</font></br>]]>
    </line>
    <line>
      <![CDATA[<font color='Black'>Running test Suite for: UPA</font></br>]]>
    </line>
    <line>
      <![CDATA[<font color='Black'>testSuite null</font></br>]]>
    </line>
    <line>
      <![CDATA[<font color='Black'>BrowserType null</font></br>]]>
    </line>
    <line>
      <![CDATA[<font color='Orange'>Running on Environment : Stage</font></br>]]>
    </line>
    <line>
      <![CDATA[<font color='Black'>Running test Suite for: UPA</font></br>]]>
    </line>
    <line>
      <![CDATA[<font color='Black'>testSuite null</font></br>]]>
    </line>
    <line>
      <![CDATA[<font color='Black'>BrowserType null</font></br>]]>
    </line>
    <line>
      <![CDATA[<font color='Orange'>Running on Environment : Stage</font></br>]]>
    </line>
    <line>
      <![CDATA[<font color='Black'>Running test Suite for: UPA</font></br>]]>
    </line>
    <line>
      <![CDATA[<font color='Black'>testSuite null</font></br>]]>
    </line>
    <line>
      <![CDATA[<font color='Black'>BrowserType null</font></br>]]>
    </line>
    <line>
      <![CDATA[<font color='Orange'>Running on Environment : Stage</font></br>]]>
    </line>
    <line>
      <![CDATA[<font color='Black'>Running test Suite for: UPA</font></br>]]>
    </line>
    <line>
      <![CDATA[<font color='Black'>** TearUp1---null</font></br>]]>
    </line>
    <line>
      <![CDATA[<font color='Black'>** Browser value is  : null</font></br>]]>
    </line>
    <line>
      <![CDATA[<font color='Black'>Starting execution ..</font></br>]]>
    </line>
    <line>
      <![CDATA[<font color='Black'>Execution environment is Saucelab</font></br>]]>
    </line>
    <line>
      <![CDATA[<font color='Black'>Launched IE browser-- : chrome</font></br>]]>
    </line>
    <line>
      <![CDATA[<font color='Black'>testSuite null</font></br>]]>
    </line>
    <line>
      <![CDATA[<font color='Black'>BrowserType null</font></br>]]>
    </line>
    <line>
      <![CDATA[<font color='Orange'>Running on Environment : Stage</font></br>]]>
    </line>
    <line>
      <![CDATA[<font color='Black'>Running test Suite for: UPA</font></br>]]>
    </line>
    <line>
      <![CDATA[<font color='Black'>testSuite null</font></br>]]>
    </line>
    <line>
      <![CDATA[<font color='Black'>BrowserType null</font></br>]]>
    </line>
    <line>
      <![CDATA[<font color='Orange'>Running on Environment : Stage</font></br>]]>
    </line>
    <line>
      <![CDATA[<font color='Black'>Running test Suite for: UPA</font></br>]]>
    </line>
    <line>
      <![CDATA[<font color='Black'>testSuite null</font></br>]]>
    </line>
    <line>
      <![CDATA[<font color='Black'>BrowserType null</font></br>]]>
    </line>
    <line>
      <![CDATA[<font color='Orange'>Running on Environment : Stage</font></br>]]>
    </line>
    <line>
      <![CDATA[<font color='Black'>Running test Suite for: UPA</font></br>]]>
    </line>
    <line>
      <![CDATA[<font color='Black'>** TearUp1---null</font></br>]]>
    </line>
    <line>
      <![CDATA[<font color='Black'>** Browser value is  : null</font></br>]]>
    </line>
    <line>
      <![CDATA[<font color='Black'>Starting execution ..</font></br>]]>
    </line>
    <line>
      <![CDATA[<font color='Black'>Execution environment is Saucelab</font></br>]]>
    </line>
    <line>
      <![CDATA[<font color='Black'>Launched IE browser-- : chrome</font></br>]]>
    </line>
    <line>
      <![CDATA[<font color='Black'>testSuite null</font></br>]]>
    </line>
    <line>
      <![CDATA[<font color='Black'>BrowserType null</font></br>]]>
    </line>
    <line>
      <![CDATA[<font color='Orange'>Running on Environment : Stage</font></br>]]>
    </line>
    <line>
      <![CDATA[<font color='Black'>Running test Suite for: UPA</font></br>]]>
    </line>
    <line>
      <![CDATA[<font color='Black'>testSuite null</font></br>]]>
    </line>
    <line>
      <![CDATA[<font color='Black'>BrowserType null</font></br>]]>
    </line>
    <line>
      <![CDATA[<font color='Orange'>Running on Environment : Stage</font></br>]]>
    </line>
    <line>
      <![CDATA[<font color='Black'>Running test Suite for: UPA</font></br>]]>
    </line>
    <line>
      <![CDATA[<font color='Black'>testSuite null</font></br>]]>
    </line>
    <line>
      <![CDATA[<font color='Black'>BrowserType null</font></br>]]>
    </line>
    <line>
      <![CDATA[<font color='Orange'>Running on Environment : Stage</font></br>]]>
    </line>
    <line>
      <![CDATA[<font color='Black'>Running test Suite for: UPA</font></br>]]>
    </line>
    <line>
      <![CDATA[<font color='Black'>** TearUp1---null</font></br>]]>
    </line>
    <line>
      <![CDATA[<font color='Black'>** Browser value is  : null</font></br>]]>
    </line>
    <line>
      <![CDATA[<font color='Black'>Starting execution ..</font></br>]]>
    </line>
    <line>
      <![CDATA[<font color='Black'>Execution environment is Saucelab</font></br>]]>
    </line>
    <line>
      <![CDATA[<font color='Black'>Launched IE browser-- : chrome</font></br>]]>
    </line>
    <line>
      <![CDATA[<font color='Black'>testSuite null</font></br>]]>
    </line>
    <line>
      <![CDATA[<font color='Black'>BrowserType null</font></br>]]>
    </line>
    <line>
      <![CDATA[<font color='Orange'>Running on Environment : Stage</font></br>]]>
    </line>
    <line>
      <![CDATA[<font color='Black'>Running test Suite for: UPA</font></br>]]>
    </line>
    <line>
      <![CDATA[<font color='Black'>testSuite null</font></br>]]>
    </line>
    <line>
      <![CDATA[<font color='Black'>BrowserType null</font></br>]]>
    </line>
    <line>
      <![CDATA[<font color='Orange'>Running on Environment : Stage</font></br>]]>
    </line>
    <line>
      <![CDATA[<font color='Black'>Running test Suite for: UPA</font></br>]]>
    </line>
    <line>
      <![CDATA[<font color='Black'>testSuite null</font></br>]]>
    </line>
    <line>
      <![CDATA[<font color='Black'>BrowserType null</font></br>]]>
    </line>
    <line>
      <![CDATA[<font color='Orange'>Running on Environment : Stage</font></br>]]>
    </line>
    <line>
      <![CDATA[<font color='Black'>Running test Suite for: UPA</font></br>]]>
    </line>
    <line>
      <![CDATA[<font color='Black'>** TearUp1---null</font></br>]]>
    </line>
    <line>
      <![CDATA[<font color='Black'>** Browser value is  : null</font></br>]]>
    </line>
    <line>
      <![CDATA[<font color='Black'>Starting execution ..</font></br>]]>
    </line>
    <line>
      <![CDATA[<font color='Black'>Execution environment is Saucelab</font></br>]]>
    </line>
    <line>
      <![CDATA[<font color='Black'>Launched IE browser-- : chrome</font></br>]]>
    </line>
    <line>
      <![CDATA[<font color='Black'>testSuite null</font></br>]]>
    </line>
    <line>
      <![CDATA[<font color='Black'>BrowserType null</font></br>]]>
    </line>
    <line>
      <![CDATA[<font color='Orange'>Running on Environment : Stage</font></br>]]>
    </line>
    <line>
      <![CDATA[<font color='Black'>Running test Suite for: UPA</font></br>]]>
    </line>
    <line>
      <![CDATA[<font color='Black'>testSuite null</font></br>]]>
    </line>
    <line>
      <![CDATA[<font color='Black'>BrowserType null</font></br>]]>
    </line>
    <line>
      <![CDATA[<font color='Orange'>Running on Environment : Stage</font></br>]]>
    </line>
    <line>
      <![CDATA[<font color='Black'>Running test Suite for: UPA</font></br>]]>
    </line>
    <line>
      <![CDATA[<font color='Black'>testSuite null</font></br>]]>
    </line>
    <line>
      <![CDATA[<font color='Black'>BrowserType null</font></br>]]>
    </line>
    <line>
      <![CDATA[<font color='Orange'>Running on Environment : Stage</font></br>]]>
    </line>
    <line>
      <![CDATA[<font color='Black'>Running test Suite for: UPA</font></br>]]>
    </line>
    <line>
      <![CDATA[<font color='Black'>** TearUp1---null</font></br>]]>
    </line>
    <line>
      <![CDATA[<font color='Black'>** Browser value is  : null</font></br>]]>
    </line>
    <line>
      <![CDATA[<font color='Black'>Starting execution ..</font></br>]]>
    </line>
    <line>
      <![CDATA[<font color='Black'>Execution environment is Saucelab</font></br>]]>
    </line>
    <line>
      <![CDATA[<font color='Black'>Launched IE browser-- : chrome</font></br>]]>
    </line>
    <line>
      <![CDATA[<font color='Black'>testSuite null</font></br>]]>
    </line>
    <line>
      <![CDATA[<font color='Black'>BrowserType null</font></br>]]>
    </line>
    <line>
      <![CDATA[<font color='Orange'>Running on Environment : Stage</font></br>]]>
    </line>
    <line>
      <![CDATA[<font color='Black'>Running test Suite for: UPA</font></br>]]>
    </line>
    <line>
      <![CDATA[<font color='Black'>testSuite null</font></br>]]>
    </line>
    <line>
      <![CDATA[<font color='Black'>BrowserType null</font></br>]]>
    </line>
    <line>
      <![CDATA[<font color='Orange'>Running on Environment : Stage</font></br>]]>
    </line>
    <line>
      <![CDATA[<font color='Black'>Running test Suite for: UPA</font></br>]]>
    </line>
    <line>
      <![CDATA[<font color='directly entering data'>Can not clear the element Tin Textbox</font></br>]]>
    </line>
    <line>
      <![CDATA[<font color='Black'>testSuite null</font></br>]]>
    </line>
    <line>
      <![CDATA[<font color='Black'>BrowserType null</font></br>]]>
    </line>
    <line>
      <![CDATA[<font color='Orange'>Running on Environment : Stage</font></br>]]>
    </line>
    <line>
      <![CDATA[<font color='Black'>Running test Suite for: UPA</font></br>]]>
    </line>
    <line>
      <![CDATA[<font color='Black'>testSuite null</font></br>]]>
    </line>
    <line>
      <![CDATA[<font color='Black'>BrowserType null</font></br>]]>
    </line>
    <line>
      <![CDATA[<font color='Orange'>Running on Environment : Stage</font></br>]]>
    </line>
    <line>
      <![CDATA[<font color='Black'>Running test Suite for: UPA</font></br>]]>
    </line>
    <line>
      <![CDATA[<font color='Black'>** TearUp1---null</font></br>]]>
    </line>
    <line>
      <![CDATA[<font color='Black'>** Browser value is  : null</font></br>]]>
    </line>
    <line>
      <![CDATA[<font color='Black'>Starting execution ..</font></br>]]>
    </line>
    <line>
      <![CDATA[<font color='Black'>Execution environment is Saucelab</font></br>]]>
    </line>
    <line>
      <![CDATA[<font color='Black'>Launched IE browser-- : chrome</font></br>]]>
    </line>
    <line>
      <![CDATA[<font color='Black'>testSuite null</font></br>]]>
    </line>
    <line>
      <![CDATA[<font color='Black'>BrowserType null</font></br>]]>
    </line>
    <line>
      <![CDATA[<font color='Orange'>Running on Environment : Stage</font></br>]]>
    </line>
    <line>
      <![CDATA[<font color='Black'>Running test Suite for: UPA</font></br>]]>
    </line>
    <line>
      <![CDATA[<font color='Black'>testSuite null</font></br>]]>
    </line>
    <line>
      <![CDATA[<font color='Black'>BrowserType null</font></br>]]>
    </line>
    <line>
      <![CDATA[<font color='Orange'>Running on Environment : Stage</font></br>]]>
    </line>
    <line>
      <![CDATA[<font color='Black'>Running test Suite for: UPA</font></br>]]>
    </line>
    <line>
      <![CDATA[<font color='directly entering data'>Can not clear the element Tin Textbox</font></br>]]>
    </line>
    <line>
      <![CDATA[<font color='Black'>testSuite null</font></br>]]>
    </line>
    <line>
      <![CDATA[<font color='Black'>BrowserType null</font></br>]]>
    </line>
    <line>
      <![CDATA[<font color='Orange'>Running on Environment : Stage</font></br>]]>
    </line>
    <line>
      <![CDATA[<font color='Black'>Running test Suite for: UPA</font></br>]]>
    </line>
    <line>
      <![CDATA[<font color='Black'>testSuite null</font></br>]]>
    </line>
    <line>
      <![CDATA[<font color='Black'>BrowserType null</font></br>]]>
    </line>
    <line>
      <![CDATA[<font color='Orange'>Running on Environment : Stage</font></br>]]>
    </line>
    <line>
      <![CDATA[<font color='Black'>Running test Suite for: UPA</font></br>]]>
    </line>
    <line>
      <![CDATA[<font color='Black'>** TearUp1---null</font></br>]]>
    </line>
    <line>
      <![CDATA[<font color='Black'>** Browser value is  : null</font></br>]]>
    </line>
    <line>
      <![CDATA[<font color='Black'>Starting execution ..</font></br>]]>
    </line>
    <line>
      <![CDATA[<font color='Black'>Execution environment is Saucelab</font></br>]]>
    </line>
    <line>
      <![CDATA[<font color='Black'>Launched IE browser-- : chrome</font></br>]]>
    </line>
    <line>
      <![CDATA[<font color='Black'>testSuite null</font></br>]]>
    </line>
    <line>
      <![CDATA[<font color='Black'>BrowserType null</font></br>]]>
    </line>
    <line>
      <![CDATA[<font color='Orange'>Running on Environment : Stage</font></br>]]>
    </line>
    <line>
      <![CDATA[<font color='Black'>Running test Suite for: UPA</font></br>]]>
    </line>
    <line>
      <![CDATA[<font color='Black'>testSuite null</font></br>]]>
    </line>
    <line>
      <![CDATA[<font color='Black'>BrowserType null</font></br>]]>
    </line>
    <line>
      <![CDATA[<font color='Orange'>Running on Environment : Stage</font></br>]]>
    </line>
    <line>
      <![CDATA[<font color='Black'>Running test Suite for: UPA</font></br>]]>
    </line>
    <line>
      <![CDATA[<font color='Black'>testSuite null</font></br>]]>
    </line>
    <line>
      <![CDATA[<font color='Black'>BrowserType null</font></br>]]>
    </line>
    <line>
      <![CDATA[<font color='Orange'>Running on Environment : Stage</font></br>]]>
    </line>
    <line>
      <![CDATA[<font color='Black'>Running test Suite for: UPA</font></br>]]>
    </line>
    <line>
      <![CDATA[<font color='Black'>** TearUp1---null</font></br>]]>
    </line>
    <line>
      <![CDATA[<font color='Black'>** Browser value is  : null</font></br>]]>
    </line>
    <line>
      <![CDATA[<font color='Black'>Starting execution ..</font></br>]]>
    </line>
    <line>
      <![CDATA[<font color='Black'>Execution environment is Saucelab</font></br>]]>
    </line>
    <line>
      <![CDATA[<font color='Black'>Launched IE browser-- : chrome</font></br>]]>
    </line>
    <line>
      <![CDATA[<font color='Black'>testSuite null</font></br>]]>
    </line>
    <line>
      <![CDATA[<font color='Black'>BrowserType null</font></br>]]>
    </line>
    <line>
      <![CDATA[<font color='Orange'>Running on Environment : Stage</font></br>]]>
    </line>
    <line>
      <![CDATA[<font color='Black'>Running test Suite for: UPA</font></br>]]>
    </line>
  </reporter-output>
  <suite name="Default suite" duration-ms="1214888" started-at="2020-04-24T08:42:15Z" finished-at="2020-04-24T09:02:30Z">
    <groups>
      <group name="cucumber">
        <method signature="DemoTestNGRunner.feature(cucumber.api.testng.CucumberFeatureWrapper)[pri:0, instance:main.java.Runner.DemoTestNGRunner@7b49cea0]" name="feature" class="main.java.Runner.DemoTestNGRunner"/>
      </group> <!-- cucumber -->
    </groups>
    <test name="Default test" duration-ms="1214888" started-at="2020-04-24T08:42:15Z" finished-at="2020-04-24T09:02:30Z">
      <class name="main.java.Runner.DemoTestNGRunner">
        <test-method status="PASS" signature="setUpReportingConfig()[pri:0, instance:main.java.Runner.DemoTestNGRunner@7b49cea0]" name="setUpReportingConfig" is-config="true" duration-ms="1030" started-at="2020-04-24T14:12:14Z" finished-at="2020-04-24T14:12:15Z">
          <reporter-output>
          </reporter-output>
        </test-method> <!-- setUpReportingConfig -->
        <test-method status="PASS" signature="init()[pri:0, instance:main.java.Runner.DemoTestNGRunner@7b49cea0]" name="init" is-config="true" duration-ms="5" started-at="2020-04-24T14:12:15Z" finished-at="2020-04-24T14:12:15Z">
          <reporter-output>
            <line>
              <![CDATA[<font color='Black'>testSuite null</font></br>]]>
            </line>
            <line>
              <![CDATA[<font color='Black'>BrowserType null</font></br>]]>
            </line>
            <line>
              <![CDATA[<font color='Orange'>Running on Environment : Stage</font></br>]]>
            </line>
            <line>
              <![CDATA[<font color='Black'>Running test Suite for: UPA</font></br>]]>
            </line>
          </reporter-output>
        </test-method> <!-- init -->
        <test-method status="PASS" signature="setUpClass()[pri:0, instance:main.java.Runner.DemoTestNGRunner@7b49cea0]" name="setUpClass" is-config="true" duration-ms="2197" started-at="2020-04-24T14:12:15Z" finished-at="2020-04-24T14:12:18Z">
          <reporter-output>
          </reporter-output>
        </test-method> <!-- setUpClass -->
        <test-method status="PASS" signature="setupTestMethod(java.lang.reflect.Method)[pri:0, instance:main.java.Runner.DemoTestNGRunner@7b49cea0]" name="setupTestMethod" is-config="true" duration-ms="117" started-at="2020-04-24T14:12:19Z" finished-at="2020-04-24T14:12:19Z">
          <params>
            <param index="0">
              <value>
                <![CDATA[public void main.java.Runner.DemoTestNGRunner.feature(cucumber.api.testng.CucumberFeatureWrapper)]]>
              </value>
            </param>
          </params>
          <reporter-output>
          </reporter-output>
        </test-method> <!-- setupTestMethod -->
        <test-method status="FAIL" signature="feature(cucumber.api.testng.CucumberFeatureWrapper)[pri:0, instance:main.java.Runner.DemoTestNGRunner@7b49cea0]" name="feature" duration-ms="1209584" started-at="2020-04-24T14:12:19Z" description="Runs Cucumber Feature" data-provider="features" finished-at="2020-04-24T14:32:29Z">
          <params>
            <param index="0">
              <value>
                <![CDATA[pPRA Validation for UPA Applicatin with different user groups]]>
              </value>
            </param>
          </params>
          <exception class="cucumber.runtime.CucumberException">
            <message>
              <![CDATA[java.lang.AssertionError: Element 'Logged in text   is Not found on page and timeout happened
org.openqa.selenium.TimeoutException: Expected condition failed: waiting for visibility of Proxy element for: DefaultElementLocator 'By.xpath: //span[contains(text(),'Welcome Screen')]' (tried for 60 second(s) with 500 MILLISECONDS interval)]]>
            </message>
            <full-stacktrace>
              <![CDATA[cucumber.runtime.CucumberException: java.lang.AssertionError: Element 'Logged in text   is Not found on page and timeout happened
org.openqa.selenium.TimeoutException: Expected condition failed: waiting for visibility of Proxy element for: DefaultElementLocator 'By.xpath: //span[contains(text(),'Welcome Screen')]' (tried for 60 second(s) with 500 MILLISECONDS interval)
	at cucumber.api.testng.TestNGCucumberRunner.runCucumber(TestNGCucumberRunner.java:69)
	at main.java.Runner.DemoTestNGRunner.feature(DemoTestNGRunner.java:118)
	at sun.reflect.NativeMethodAccessorImpl.invoke0(Native Method)
	at sun.reflect.NativeMethodAccessorImpl.invoke(Unknown Source)
	at sun.reflect.DelegatingMethodAccessorImpl.invoke(Unknown Source)
	at java.lang.reflect.Method.invoke(Unknown Source)
	at org.testng.internal.MethodInvocationHelper.invokeMethod(MethodInvocationHelper.java:108)
	at org.testng.internal.Invoker.invokeMethod(Invoker.java:661)
	at org.testng.internal.Invoker.invokeTestMethod(Invoker.java:869)
	at org.testng.internal.Invoker.invokeTestMethods(Invoker.java:1193)
	at org.testng.internal.TestMethodWorker.invokeTestMethods(TestMethodWorker.java:126)
	at org.testng.internal.TestMethodWorker.run(TestMethodWorker.java:109)
	at org.testng.TestRunner.privateRun(TestRunner.java:744)
	at org.testng.TestRunner.run(TestRunner.java:602)
	at org.testng.SuiteRunner.runTest(SuiteRunner.java:380)
	at org.testng.SuiteRunner.runSequentially(SuiteRunner.java:375)
	at org.testng.SuiteRunner.privateRun(SuiteRunner.java:340)
	at org.testng.SuiteRunner.run(SuiteRunner.java:289)
	at org.testng.SuiteRunnerWorker.runSuite(SuiteRunnerWorker.java:52)
	at org.testng.SuiteRunnerWorker.run(SuiteRunnerWorker.java:86)
	at org.testng.TestNG.runSuitesSequentially(TestNG.java:1301)
	at org.testng.TestNG.runSuitesLocally(TestNG.java:1226)
	at org.testng.TestNG.runSuites(TestNG.java:1144)
	at org.testng.TestNG.run(TestNG.java:1115)
	at org.testng.remote.AbstractRemoteTestNG.run(AbstractRemoteTestNG.java:132)
	at org.testng.remote.RemoteTestNG.initAndRun(RemoteTestNG.java:230)
	at org.testng.remote.RemoteTestNG.main(RemoteTestNG.java:76)
Caused by: java.lang.AssertionError: Element 'Logged in text   is Not found on page and timeout happened
org.openqa.selenium.TimeoutException: Expected condition failed: waiting for visibility of Proxy element for: DefaultElementLocator 'By.xpath: //span[contains(text(),'Welcome Screen')]' (tried for 60 second(s) with 500 MILLISECONDS interval)
	at org.testng.Assert.fail(Assert.java:93)
	at main.java.reporting.Log.failure(Log.java:124)
	at main.java.reporting.Log.Fail(Log.java:114)
	at main.java.nativeFunctions.Element.expectedWait(Element.java:111)
	at main.java.pageObjects.UPAHomePage.<init>(UPAHomePage.java:88)
	at main.java.pageObjects.LoginUPA.doLoginUPA(LoginUPA.java:77)
	at main.java.stepDefinitions.Login.UPAHomePageSteps.user_navigates_to_UPA_portal_and_enters_and_login(UPAHomePageSteps.java:29)
	at ✽.Given User navigates to UPA portal and enters "PayerPPRA" and login(pPRAScenarios/Sanity_pPRA_UPA.feature:39)
]]>
            </full-stacktrace>
          </exception> <!-- cucumber.runtime.CucumberException -->
          <reporter-output>
            <line>
              <![CDATA[<font color='Black'>testSuite null</font></br>]]>
            </line>
            <line>
              <![CDATA[<font color='Black'>BrowserType null</font></br>]]>
            </line>
            <line>
              <![CDATA[<font color='Orange'>Running on Environment : Stage</font></br>]]>
            </line>
            <line>
              <![CDATA[<font color='Black'>Running test Suite for: UPA</font></br>]]>
            </line>
            <line>
              <![CDATA[<font color='Black'>testSuite null</font></br>]]>
            </line>
            <line>
              <![CDATA[<font color='Black'>BrowserType null</font></br>]]>
            </line>
            <line>
              <![CDATA[<font color='Orange'>Running on Environment : Stage</font></br>]]>
            </line>
            <line>
              <![CDATA[<font color='Black'>Running test Suite for: UPA</font></br>]]>
            </line>
            <line>
              <![CDATA[<font color='Black'>** TearUp1---null</font></br>]]>
            </line>
            <line>
              <![CDATA[<font color='Black'>** Browser value is  : null</font></br>]]>
            </line>
            <line>
              <![CDATA[<font color='Black'>Starting execution ..</font></br>]]>
            </line>
            <line>
              <![CDATA[<font color='Black'>Execution environment is Saucelab</font></br>]]>
            </line>
            <line>
              <![CDATA[<font color='Black'>Launched IE browser-- : chrome</font></br>]]>
            </line>
            <line>
              <![CDATA[<font color='Black'>testSuite null</font></br>]]>
            </line>
            <line>
              <![CDATA[<font color='Black'>BrowserType null</font></br>]]>
            </line>
            <line>
              <![CDATA[<font color='Orange'>Running on Environment : Stage</font></br>]]>
            </line>
            <line>
              <![CDATA[<font color='Black'>Running test Suite for: UPA</font></br>]]>
            </line>
            <line>
              <![CDATA[<font color='Black'>testSuite null</font></br>]]>
            </line>
            <line>
              <![CDATA[<font color='Black'>BrowserType null</font></br>]]>
            </line>
            <line>
              <![CDATA[<font color='Orange'>Running on Environment : Stage</font></br>]]>
            </line>
            <line>
              <![CDATA[<font color='Black'>Running test Suite for: UPA</font></br>]]>
            </line>
            <line>
              <![CDATA[<font color='Black'>testSuite null</font></br>]]>
            </line>
            <line>
              <![CDATA[<font color='Black'>BrowserType null</font></br>]]>
            </line>
            <line>
              <![CDATA[<font color='Orange'>Running on Environment : Stage</font></br>]]>
            </line>
            <line>
              <![CDATA[<font color='Black'>Running test Suite for: UPA</font></br>]]>
            </line>
            <line>
              <![CDATA[<font color='Black'>testSuite null</font></br>]]>
            </line>
            <line>
              <![CDATA[<font color='Black'>BrowserType null</font></br>]]>
            </line>
            <line>
              <![CDATA[<font color='Orange'>Running on Environment : Stage</font></br>]]>
            </line>
            <line>
              <![CDATA[<font color='Black'>Running test Suite for: UPA</font></br>]]>
            </line>
            <line>
              <![CDATA[<font color='Black'>testSuite null</font></br>]]>
            </line>
            <line>
              <![CDATA[<font color='Black'>BrowserType null</font></br>]]>
            </line>
            <line>
              <![CDATA[<font color='Orange'>Running on Environment : Stage</font></br>]]>
            </line>
            <line>
              <![CDATA[<font color='Black'>Running test Suite for: UPA</font></br>]]>
            </line>
            <line>
              <![CDATA[<font color='Black'>testSuite null</font></br>]]>
            </line>
            <line>
              <![CDATA[<font color='Black'>BrowserType null</font></br>]]>
            </line>
            <line>
              <![CDATA[<font color='Orange'>Running on Environment : Stage</font></br>]]>
            </line>
            <line>
              <![CDATA[<font color='Black'>Running test Suite for: UPA</font></br>]]>
            </line>
            <line>
              <![CDATA[<font color='Black'>** TearUp1---null</font></br>]]>
            </line>
            <line>
              <![CDATA[<font color='Black'>** Browser value is  : null</font></br>]]>
            </line>
            <line>
              <![CDATA[<font color='Black'>Starting execution ..</font></br>]]>
            </line>
            <line>
              <![CDATA[<font color='Black'>Execution environment is Saucelab</font></br>]]>
            </line>
            <line>
              <![CDATA[<font color='Black'>Launched IE browser-- : chrome</font></br>]]>
            </line>
            <line>
              <![CDATA[<font color='Black'>testSuite null</font></br>]]>
            </line>
            <line>
              <![CDATA[<font color='Black'>BrowserType null</font></br>]]>
            </line>
            <line>
              <![CDATA[<font color='Orange'>Running on Environment : Stage</font></br>]]>
            </line>
            <line>
              <![CDATA[<font color='Black'>Running test Suite for: UPA</font></br>]]>
            </line>
            <line>
              <![CDATA[<font color='Black'>testSuite null</font></br>]]>
            </line>
            <line>
              <![CDATA[<font color='Black'>BrowserType null</font></br>]]>
            </line>
            <line>
              <![CDATA[<font color='Orange'>Running on Environment : Stage</font></br>]]>
            </line>
            <line>
              <![CDATA[<font color='Black'>Running test Suite for: UPA</font></br>]]>
            </line>
            <line>
              <![CDATA[<font color='Black'>testSuite null</font></br>]]>
            </line>
            <line>
              <![CDATA[<font color='Black'>BrowserType null</font></br>]]>
            </line>
            <line>
              <![CDATA[<font color='Orange'>Running on Environment : Stage</font></br>]]>
            </line>
            <line>
              <![CDATA[<font color='Black'>Running test Suite for: UPA</font></br>]]>
            </line>
            <line>
              <![CDATA[<font color='Black'>testSuite null</font></br>]]>
            </line>
            <line>
              <![CDATA[<font color='Black'>BrowserType null</font></br>]]>
            </line>
            <line>
              <![CDATA[<font color='Orange'>Running on Environment : Stage</font></br>]]>
            </line>
            <line>
              <![CDATA[<font color='Black'>Running test Suite for: UPA</font></br>]]>
            </line>
            <line>
              <![CDATA[<font color='Black'>testSuite null</font></br>]]>
            </line>
            <line>
              <![CDATA[<font color='Black'>BrowserType null</font></br>]]>
            </line>
            <line>
              <![CDATA[<font color='Orange'>Running on Environment : Stage</font></br>]]>
            </line>
            <line>
              <![CDATA[<font color='Black'>Running test Suite for: UPA</font></br>]]>
            </line>
            <line>
              <![CDATA[<font color='Black'>testSuite null</font></br>]]>
            </line>
            <line>
              <![CDATA[<font color='Black'>BrowserType null</font></br>]]>
            </line>
            <line>
              <![CDATA[<font color='Orange'>Running on Environment : Stage</font></br>]]>
            </line>
            <line>
              <![CDATA[<font color='Black'>Running test Suite for: UPA</font></br>]]>
            </line>
            <line>
              <![CDATA[<font color='Black'>** TearUp1---null</font></br>]]>
            </line>
            <line>
              <![CDATA[<font color='Black'>** Browser value is  : null</font></br>]]>
            </line>
            <line>
              <![CDATA[<font color='Black'>Starting execution ..</font></br>]]>
            </line>
            <line>
              <![CDATA[<font color='Black'>Execution environment is Saucelab</font></br>]]>
            </line>
            <line>
              <![CDATA[<font color='Black'>Launched IE browser-- : chrome</font></br>]]>
            </line>
            <line>
              <![CDATA[<font color='Black'>testSuite null</font></br>]]>
            </line>
            <line>
              <![CDATA[<font color='Black'>BrowserType null</font></br>]]>
            </line>
            <line>
              <![CDATA[<font color='Orange'>Running on Environment : Stage</font></br>]]>
            </line>
            <line>
              <![CDATA[<font color='Black'>Running test Suite for: UPA</font></br>]]>
            </line>
            <line>
              <![CDATA[<font color='Black'>testSuite null</font></br>]]>
            </line>
            <line>
              <![CDATA[<font color='Black'>BrowserType null</font></br>]]>
            </line>
            <line>
              <![CDATA[<font color='Orange'>Running on Environment : Stage</font></br>]]>
            </line>
            <line>
              <![CDATA[<font color='Black'>Running test Suite for: UPA</font></br>]]>
            </line>
            <line>
              <![CDATA[<font color='Black'>testSuite null</font></br>]]>
            </line>
            <line>
              <![CDATA[<font color='Black'>BrowserType null</font></br>]]>
            </line>
            <line>
              <![CDATA[<font color='Orange'>Running on Environment : Stage</font></br>]]>
            </line>
            <line>
              <![CDATA[<font color='Black'>Running test Suite for: UPA</font></br>]]>
            </line>
            <line>
              <![CDATA[<font color='Black'>** TearUp1---null</font></br>]]>
            </line>
            <line>
              <![CDATA[<font color='Black'>** Browser value is  : null</font></br>]]>
            </line>
            <line>
              <![CDATA[<font color='Black'>Starting execution ..</font></br>]]>
            </line>
            <line>
              <![CDATA[<font color='Black'>Execution environment is Saucelab</font></br>]]>
            </line>
            <line>
              <![CDATA[<font color='Black'>Launched IE browser-- : chrome</font></br>]]>
            </line>
            <line>
              <![CDATA[<font color='Black'>testSuite null</font></br>]]>
            </line>
            <line>
              <![CDATA[<font color='Black'>BrowserType null</font></br>]]>
            </line>
            <line>
              <![CDATA[<font color='Orange'>Running on Environment : Stage</font></br>]]>
            </line>
            <line>
              <![CDATA[<font color='Black'>Running test Suite for: UPA</font></br>]]>
            </line>
            <line>
              <![CDATA[<font color='Black'>testSuite null</font></br>]]>
            </line>
            <line>
              <![CDATA[<font color='Black'>BrowserType null</font></br>]]>
            </line>
            <line>
              <![CDATA[<font color='Orange'>Running on Environment : Stage</font></br>]]>
            </line>
            <line>
              <![CDATA[<font color='Black'>Running test Suite for: UPA</font></br>]]>
            </line>
            <line>
              <![CDATA[<font color='Black'>testSuite null</font></br>]]>
            </line>
            <line>
              <![CDATA[<font color='Black'>BrowserType null</font></br>]]>
            </line>
            <line>
              <![CDATA[<font color='Orange'>Running on Environment : Stage</font></br>]]>
            </line>
            <line>
              <![CDATA[<font color='Black'>Running test Suite for: UPA</font></br>]]>
            </line>
            <line>
              <![CDATA[<font color='Black'>** TearUp1---null</font></br>]]>
            </line>
            <line>
              <![CDATA[<font color='Black'>** Browser value is  : null</font></br>]]>
            </line>
            <line>
              <![CDATA[<font color='Black'>Starting execution ..</font></br>]]>
            </line>
            <line>
              <![CDATA[<font color='Black'>Execution environment is Saucelab</font></br>]]>
            </line>
            <line>
              <![CDATA[<font color='Black'>Launched IE browser-- : chrome</font></br>]]>
            </line>
            <line>
              <![CDATA[<font color='Black'>testSuite null</font></br>]]>
            </line>
            <line>
              <![CDATA[<font color='Black'>BrowserType null</font></br>]]>
            </line>
            <line>
              <![CDATA[<font color='Orange'>Running on Environment : Stage</font></br>]]>
            </line>
            <line>
              <![CDATA[<font color='Black'>Running test Suite for: UPA</font></br>]]>
            </line>
            <line>
              <![CDATA[<font color='Black'>testSuite null</font></br>]]>
            </line>
            <line>
              <![CDATA[<font color='Black'>BrowserType null</font></br>]]>
            </line>
            <line>
              <![CDATA[<font color='Orange'>Running on Environment : Stage</font></br>]]>
            </line>
            <line>
              <![CDATA[<font color='Black'>Running test Suite for: UPA</font></br>]]>
            </line>
            <line>
              <![CDATA[<font color='Black'>testSuite null</font></br>]]>
            </line>
            <line>
              <![CDATA[<font color='Black'>BrowserType null</font></br>]]>
            </line>
            <line>
              <![CDATA[<font color='Orange'>Running on Environment : Stage</font></br>]]>
            </line>
            <line>
              <![CDATA[<font color='Black'>Running test Suite for: UPA</font></br>]]>
            </line>
            <line>
              <![CDATA[<font color='Black'>** TearUp1---null</font></br>]]>
            </line>
            <line>
              <![CDATA[<font color='Black'>** Browser value is  : null</font></br>]]>
            </line>
            <line>
              <![CDATA[<font color='Black'>Starting execution ..</font></br>]]>
            </line>
            <line>
              <![CDATA[<font color='Black'>Execution environment is Saucelab</font></br>]]>
            </line>
            <line>
              <![CDATA[<font color='Black'>Launched IE browser-- : chrome</font></br>]]>
            </line>
            <line>
              <![CDATA[<font color='Black'>testSuite null</font></br>]]>
            </line>
            <line>
              <![CDATA[<font color='Black'>BrowserType null</font></br>]]>
            </line>
            <line>
              <![CDATA[<font color='Orange'>Running on Environment : Stage</font></br>]]>
            </line>
            <line>
              <![CDATA[<font color='Black'>Running test Suite for: UPA</font></br>]]>
            </line>
            <line>
              <![CDATA[<font color='Black'>testSuite null</font></br>]]>
            </line>
            <line>
              <![CDATA[<font color='Black'>BrowserType null</font></br>]]>
            </line>
            <line>
              <![CDATA[<font color='Orange'>Running on Environment : Stage</font></br>]]>
            </line>
            <line>
              <![CDATA[<font color='Black'>Running test Suite for: UPA</font></br>]]>
            </line>
            <line>
              <![CDATA[<font color='Black'>testSuite null</font></br>]]>
            </line>
            <line>
              <![CDATA[<font color='Black'>BrowserType null</font></br>]]>
            </line>
            <line>
              <![CDATA[<font color='Orange'>Running on Environment : Stage</font></br>]]>
            </line>
            <line>
              <![CDATA[<font color='Black'>Running test Suite for: UPA</font></br>]]>
            </line>
            <line>
              <![CDATA[<font color='Black'>** TearUp1---null</font></br>]]>
            </line>
            <line>
              <![CDATA[<font color='Black'>** Browser value is  : null</font></br>]]>
            </line>
            <line>
              <![CDATA[<font color='Black'>Starting execution ..</font></br>]]>
            </line>
            <line>
              <![CDATA[<font color='Black'>Execution environment is Saucelab</font></br>]]>
            </line>
            <line>
              <![CDATA[<font color='Black'>Launched IE browser-- : chrome</font></br>]]>
            </line>
            <line>
              <![CDATA[<font color='Black'>testSuite null</font></br>]]>
            </line>
            <line>
              <![CDATA[<font color='Black'>BrowserType null</font></br>]]>
            </line>
            <line>
              <![CDATA[<font color='Orange'>Running on Environment : Stage</font></br>]]>
            </line>
            <line>
              <![CDATA[<font color='Black'>Running test Suite for: UPA</font></br>]]>
            </line>
            <line>
              <![CDATA[<font color='Black'>testSuite null</font></br>]]>
            </line>
            <line>
              <![CDATA[<font color='Black'>BrowserType null</font></br>]]>
            </line>
            <line>
              <![CDATA[<font color='Orange'>Running on Environment : Stage</font></br>]]>
            </line>
            <line>
              <![CDATA[<font color='Black'>Running test Suite for: UPA</font></br>]]>
            </line>
            <line>
              <![CDATA[<font color='directly entering data'>Can not clear the element Tin Textbox</font></br>]]>
            </line>
            <line>
              <![CDATA[<font color='Black'>testSuite null</font></br>]]>
            </line>
            <line>
              <![CDATA[<font color='Black'>BrowserType null</font></br>]]>
            </line>
            <line>
              <![CDATA[<font color='Orange'>Running on Environment : Stage</font></br>]]>
            </line>
            <line>
              <![CDATA[<font color='Black'>Running test Suite for: UPA</font></br>]]>
            </line>
            <line>
              <![CDATA[<font color='Black'>testSuite null</font></br>]]>
            </line>
            <line>
              <![CDATA[<font color='Black'>BrowserType null</font></br>]]>
            </line>
            <line>
              <![CDATA[<font color='Orange'>Running on Environment : Stage</font></br>]]>
            </line>
            <line>
              <![CDATA[<font color='Black'>Running test Suite for: UPA</font></br>]]>
            </line>
            <line>
              <![CDATA[<font color='Black'>** TearUp1---null</font></br>]]>
            </line>
            <line>
              <![CDATA[<font color='Black'>** Browser value is  : null</font></br>]]>
            </line>
            <line>
              <![CDATA[<font color='Black'>Starting execution ..</font></br>]]>
            </line>
            <line>
              <![CDATA[<font color='Black'>Execution environment is Saucelab</font></br>]]>
            </line>
            <line>
              <![CDATA[<font color='Black'>Launched IE browser-- : chrome</font></br>]]>
            </line>
            <line>
              <![CDATA[<font color='Black'>testSuite null</font></br>]]>
            </line>
            <line>
              <![CDATA[<font color='Black'>BrowserType null</font></br>]]>
            </line>
            <line>
              <![CDATA[<font color='Orange'>Running on Environment : Stage</font></br>]]>
            </line>
            <line>
              <![CDATA[<font color='Black'>Running test Suite for: UPA</font></br>]]>
            </line>
            <line>
              <![CDATA[<font color='Black'>testSuite null</font></br>]]>
            </line>
            <line>
              <![CDATA[<font color='Black'>BrowserType null</font></br>]]>
            </line>
            <line>
              <![CDATA[<font color='Orange'>Running on Environment : Stage</font></br>]]>
            </line>
            <line>
              <![CDATA[<font color='Black'>Running test Suite for: UPA</font></br>]]>
            </line>
            <line>
              <![CDATA[<font color='directly entering data'>Can not clear the element Tin Textbox</font></br>]]>
            </line>
            <line>
              <![CDATA[<font color='Black'>testSuite null</font></br>]]>
            </line>
            <line>
              <![CDATA[<font color='Black'>BrowserType null</font></br>]]>
            </line>
            <line>
              <![CDATA[<font color='Orange'>Running on Environment : Stage</font></br>]]>
            </line>
            <line>
              <![CDATA[<font color='Black'>Running test Suite for: UPA</font></br>]]>
            </line>
            <line>
              <![CDATA[<font color='Black'>testSuite null</font></br>]]>
            </line>
            <line>
              <![CDATA[<font color='Black'>BrowserType null</font></br>]]>
            </line>
            <line>
              <![CDATA[<font color='Orange'>Running on Environment : Stage</font></br>]]>
            </line>
            <line>
              <![CDATA[<font color='Black'>Running test Suite for: UPA</font></br>]]>
            </line>
            <line>
              <![CDATA[<font color='Black'>** TearUp1---null</font></br>]]>
            </line>
            <line>
              <![CDATA[<font color='Black'>** Browser value is  : null</font></br>]]>
            </line>
            <line>
              <![CDATA[<font color='Black'>Starting execution ..</font></br>]]>
            </line>
            <line>
              <![CDATA[<font color='Black'>Execution environment is Saucelab</font></br>]]>
            </line>
            <line>
              <![CDATA[<font color='Black'>Launched IE browser-- : chrome</font></br>]]>
            </line>
            <line>
              <![CDATA[<font color='Black'>testSuite null</font></br>]]>
            </line>
            <line>
              <![CDATA[<font color='Black'>BrowserType null</font></br>]]>
            </line>
            <line>
              <![CDATA[<font color='Orange'>Running on Environment : Stage</font></br>]]>
            </line>
            <line>
              <![CDATA[<font color='Black'>Running test Suite for: UPA</font></br>]]>
            </line>
            <line>
              <![CDATA[<font color='Black'>testSuite null</font></br>]]>
            </line>
            <line>
              <![CDATA[<font color='Black'>BrowserType null</font></br>]]>
            </line>
            <line>
              <![CDATA[<font color='Orange'>Running on Environment : Stage</font></br>]]>
            </line>
            <line>
              <![CDATA[<font color='Black'>Running test Suite for: UPA</font></br>]]>
            </line>
            <line>
              <![CDATA[<font color='Black'>testSuite null</font></br>]]>
            </line>
            <line>
              <![CDATA[<font color='Black'>BrowserType null</font></br>]]>
            </line>
            <line>
              <![CDATA[<font color='Orange'>Running on Environment : Stage</font></br>]]>
            </line>
            <line>
              <![CDATA[<font color='Black'>Running test Suite for: UPA</font></br>]]>
            </line>
            <line>
              <![CDATA[<font color='Black'>** TearUp1---null</font></br>]]>
            </line>
            <line>
              <![CDATA[<font color='Black'>** Browser value is  : null</font></br>]]>
            </line>
            <line>
              <![CDATA[<font color='Black'>Starting execution ..</font></br>]]>
            </line>
            <line>
              <![CDATA[<font color='Black'>Execution environment is Saucelab</font></br>]]>
            </line>
            <line>
              <![CDATA[<font color='Black'>Launched IE browser-- : chrome</font></br>]]>
            </line>
            <line>
              <![CDATA[<font color='Black'>testSuite null</font></br>]]>
            </line>
            <line>
              <![CDATA[<font color='Black'>BrowserType null</font></br>]]>
            </line>
            <line>
              <![CDATA[<font color='Orange'>Running on Environment : Stage</font></br>]]>
            </line>
            <line>
              <![CDATA[<font color='Black'>Running test Suite for: UPA</font></br>]]>
            </line>
          </reporter-output>
        </test-method> <!-- feature -->
        <test-method status="PASS" signature="endTest(org.testng.ITestResult)[pri:0, instance:main.java.Runner.DemoTestNGRunner@7b49cea0]" name="endTest" is-config="true" duration-ms="1348" started-at="2020-04-24T14:32:29Z" finished-at="2020-04-24T14:32:30Z">
          <params>
            <param index="0">
              <value>
                <![CDATA[[TestResult name=feature status=FAILURE method=DemoTestNGRunner.feature(cucumber.api.testng.CucumberFeatureWrapper)[pri:0, instance:main.java.Runner.DemoTestNGRunner@7b49cea0] output=<font color='Black'>testSuite null</font></br>]]]>
              </value>
            </param>
          </params>
          <reporter-output>
          </reporter-output>
        </test-method> <!-- endTest -->
        <test-method status="PASS" signature="afterClass(org.testng.ITestContext)[pri:0, instance:main.java.Runner.DemoTestNGRunner@7b49cea0]" name="afterClass" is-config="true" duration-ms="5" started-at="2020-04-24T14:32:30Z" finished-at="2020-04-24T14:32:30Z">
          <params>
            <param index="0">
              <value>
                <![CDATA[org.testng.TestRunner@30f74e79]]>
              </value>
            </param>
          </params>
          <reporter-output>
          </reporter-output>
        </test-method> <!-- afterClass -->
        <test-method status="PASS" signature="tearDownClass()[pri:0, instance:main.java.Runner.DemoTestNGRunner@7b49cea0]" name="tearDownClass" is-config="true" duration-ms="152" started-at="2020-04-24T14:32:30Z" finished-at="2020-04-24T14:32:30Z">
          <reporter-output>
          </reporter-output>
        </test-method> <!-- tearDownClass -->
      </class> <!-- main.java.Runner.DemoTestNGRunner -->
    </test> <!-- Default test -->
  </suite> <!-- Default suite -->
</testng-results>
