<?xml version="1.0" encoding="UTF-8"?>
<testng-results skipped="0" failed="1" ignored="0" total="1" passed="0">
  <reporter-output>
    <line>
      <![CDATA[<font color='Black'>testSuite null</font></br>]]>
    </line>
    <line>
      <![CDATA[<font color='Black'>BrowserType null</font></br>]]>
    </line>
    <line>
      <![CDATA[<font color='Orange'>Running on Environment : Stage</font></br>]]>
    </line>
    <line>
      <![CDATA[<font color='Black'>Running test Suite for: UPA</font></br>]]>
    </line>
    <line>
      <![CDATA[<font color='Black'>testSuite null</font></br>]]>
    </line>
    <line>
      <![CDATA[<font color='Black'>BrowserType null</font></br>]]>
    </line>
    <line>
      <![CDATA[<font color='Orange'>Running on Environment : Stage</font></br>]]>
    </line>
    <line>
      <![CDATA[<font color='Black'>Running test Suite for: UPA</font></br>]]>
    </line>
    <line>
      <![CDATA[<font color='Black'>testSuite null</font></br>]]>
    </line>
    <line>
      <![CDATA[<font color='Black'>BrowserType null</font></br>]]>
    </line>
    <line>
      <![CDATA[<font color='Orange'>Running on Environment : Stage</font></br>]]>
    </line>
    <line>
      <![CDATA[<font color='Black'>Running test Suite for: UPA</font></br>]]>
    </line>
    <line>
      <![CDATA[<font color='Black'>testSuite null</font></br>]]>
    </line>
    <line>
      <![CDATA[<font color='Black'>BrowserType null</font></br>]]>
    </line>
    <line>
      <![CDATA[<font color='Orange'>Running on Environment : Stage</font></br>]]>
    </line>
    <line>
      <![CDATA[<font color='Black'>Running test Suite for: UPA</font></br>]]>
    </line>
    <line>
      <![CDATA[<font color='Black'>** TearUp1---null</font></br>]]>
    </line>
    <line>
      <![CDATA[<font color='Black'>** Browser value is  : null</font></br>]]>
    </line>
    <line>
      <![CDATA[<font color='Black'>Starting execution ..</font></br>]]>
    </line>
    <line>
      <![CDATA[<font color='Black'>Launching google chrome..</font></br>]]>
    </line>
    <line>
      <![CDATA[<font color='Black'>testSuite null</font></br>]]>
    </line>
    <line>
      <![CDATA[<font color='Black'>BrowserType null</font></br>]]>
    </line>
    <line>
      <![CDATA[<font color='Orange'>Running on Environment : Stage</font></br>]]>
    </line>
    <line>
      <![CDATA[<font color='Black'>Running test Suite for: UPA</font></br>]]>
    </line>
  </reporter-output>
  <suite name="Default suite" duration-ms="111560" started-at="2020-04-23T07:45:09Z" finished-at="2020-04-23T07:47:01Z">
    <groups>
      <group name="cucumber">
        <method signature="DemoTestNGRunner.feature(cucumber.api.testng.CucumberFeatureWrapper)[pri:0, instance:main.java.Runner.DemoTestNGRunner@7b49cea0]" name="feature" class="main.java.Runner.DemoTestNGRunner"/>
      </group> <!-- cucumber -->
    </groups>
    <test name="Default test" duration-ms="111560" started-at="2020-04-23T07:45:09Z" finished-at="2020-04-23T07:47:01Z">
      <class name="main.java.Runner.DemoTestNGRunner">
        <test-method status="PASS" signature="setUpReportingConfig()[pri:0, instance:main.java.Runner.DemoTestNGRunner@7b49cea0]" name="setUpReportingConfig" is-config="true" duration-ms="997" started-at="2020-04-23T13:15:08Z" finished-at="2020-04-23T13:15:09Z">
          <reporter-output>
          </reporter-output>
        </test-method> <!-- setUpReportingConfig -->
        <test-method status="PASS" signature="init()[pri:0, instance:main.java.Runner.DemoTestNGRunner@7b49cea0]" name="init" is-config="true" duration-ms="2" started-at="2020-04-23T13:15:09Z" finished-at="2020-04-23T13:15:09Z">
          <reporter-output>
            <line>
              <![CDATA[<font color='Black'>testSuite null</font></br>]]>
            </line>
            <line>
              <![CDATA[<font color='Black'>BrowserType null</font></br>]]>
            </line>
            <line>
              <![CDATA[<font color='Orange'>Running on Environment : Stage</font></br>]]>
            </line>
            <line>
              <![CDATA[<font color='Black'>Running test Suite for: UPA</font></br>]]>
            </line>
          </reporter-output>
        </test-method> <!-- init -->
        <test-method status="PASS" signature="setUpClass()[pri:0, instance:main.java.Runner.DemoTestNGRunner@7b49cea0]" name="setUpClass" is-config="true" duration-ms="2366" started-at="2020-04-23T13:15:09Z" finished-at="2020-04-23T13:15:12Z">
          <reporter-output>
          </reporter-output>
        </test-method> <!-- setUpClass -->
        <test-method status="PASS" signature="setupTestMethod(java.lang.reflect.Method)[pri:0, instance:main.java.Runner.DemoTestNGRunner@7b49cea0]" name="setupTestMethod" is-config="true" duration-ms="36" started-at="2020-04-23T13:15:13Z" finished-at="2020-04-23T13:15:13Z">
          <params>
            <param index="0">
              <value>
                <![CDATA[public void main.java.Runner.DemoTestNGRunner.feature(cucumber.api.testng.CucumberFeatureWrapper)]]>
              </value>
            </param>
          </params>
          <reporter-output>
          </reporter-output>
        </test-method> <!-- setupTestMethod -->
        <test-method status="FAIL" signature="feature(cucumber.api.testng.CucumberFeatureWrapper)[pri:0, instance:main.java.Runner.DemoTestNGRunner@7b49cea0]" name="feature" duration-ms="105051" started-at="2020-04-23T13:15:13Z" description="Runs Cucumber Feature" data-provider="features" finished-at="2020-04-23T13:16:58Z">
          <params>
            <param index="0">
              <value>
                <![CDATA[pPRA Validation for UPA Applicatin with different user groups]]>
              </value>
            </param>
          </params>
          <exception class="cucumber.runtime.CucumberException">
            <message>
              <![CDATA[java.lang.NullPointerException]]>
            </message>
            <full-stacktrace>
              <![CDATA[cucumber.runtime.CucumberException: java.lang.NullPointerException
	at cucumber.api.testng.TestNGCucumberRunner.runCucumber(TestNGCucumberRunner.java:69)
	at main.java.Runner.DemoTestNGRunner.feature(DemoTestNGRunner.java:118)
	at sun.reflect.NativeMethodAccessorImpl.invoke0(Native Method)
	at sun.reflect.NativeMethodAccessorImpl.invoke(Unknown Source)
	at sun.reflect.DelegatingMethodAccessorImpl.invoke(Unknown Source)
	at java.lang.reflect.Method.invoke(Unknown Source)
	at org.testng.internal.MethodInvocationHelper.invokeMethod(MethodInvocationHelper.java:108)
	at org.testng.internal.Invoker.invokeMethod(Invoker.java:661)
	at org.testng.internal.Invoker.invokeTestMethod(Invoker.java:869)
	at org.testng.internal.Invoker.invokeTestMethods(Invoker.java:1193)
	at org.testng.internal.TestMethodWorker.invokeTestMethods(TestMethodWorker.java:126)
	at org.testng.internal.TestMethodWorker.run(TestMethodWorker.java:109)
	at org.testng.TestRunner.privateRun(TestRunner.java:744)
	at org.testng.TestRunner.run(TestRunner.java:602)
	at org.testng.SuiteRunner.runTest(SuiteRunner.java:380)
	at org.testng.SuiteRunner.runSequentially(SuiteRunner.java:375)
	at org.testng.SuiteRunner.privateRun(SuiteRunner.java:340)
	at org.testng.SuiteRunner.run(SuiteRunner.java:289)
	at org.testng.SuiteRunnerWorker.runSuite(SuiteRunnerWorker.java:52)
	at org.testng.SuiteRunnerWorker.run(SuiteRunnerWorker.java:86)
	at org.testng.TestNG.runSuitesSequentially(TestNG.java:1301)
	at org.testng.TestNG.runSuitesLocally(TestNG.java:1226)
	at org.testng.TestNG.runSuites(TestNG.java:1144)
	at org.testng.TestNG.run(TestNG.java:1115)
	at org.testng.remote.AbstractRemoteTestNG.run(AbstractRemoteTestNG.java:132)
	at org.testng.remote.RemoteTestNG.initAndRun(RemoteTestNG.java:230)
	at org.testng.remote.RemoteTestNG.main(RemoteTestNG.java:76)
Caused by: java.lang.NullPointerException
	at java.util.Hashtable.put(Unknown Source)
	at main.java.nativeFunctions.TestBase.putRunTimeProperty(TestBase.java:371)
	at main.java.pageObjects.LoginUPA.doLoginUPA(LoginUPA.java:72)
	at main.java.stepDefinitions.Login.UPAHomePageSteps.user_navigates_to_UPA_portal_and_enters_and_login(UPAHomePageSteps.java:29)
	at ✽.Given User navigates to UPA portal and enters "PROVPPRA" and login(pPRAScenarios/Sanity_pPRA_UPA.feature:14)
]]>
            </full-stacktrace>
          </exception> <!-- cucumber.runtime.CucumberException -->
          <reporter-output>
            <line>
              <![CDATA[<font color='Black'>testSuite null</font></br>]]>
            </line>
            <line>
              <![CDATA[<font color='Black'>BrowserType null</font></br>]]>
            </line>
            <line>
              <![CDATA[<font color='Orange'>Running on Environment : Stage</font></br>]]>
            </line>
            <line>
              <![CDATA[<font color='Black'>Running test Suite for: UPA</font></br>]]>
            </line>
            <line>
              <![CDATA[<font color='Black'>testSuite null</font></br>]]>
            </line>
            <line>
              <![CDATA[<font color='Black'>BrowserType null</font></br>]]>
            </line>
            <line>
              <![CDATA[<font color='Orange'>Running on Environment : Stage</font></br>]]>
            </line>
            <line>
              <![CDATA[<font color='Black'>Running test Suite for: UPA</font></br>]]>
            </line>
            <line>
              <![CDATA[<font color='Black'>** TearUp1---null</font></br>]]>
            </line>
            <line>
              <![CDATA[<font color='Black'>** Browser value is  : null</font></br>]]>
            </line>
            <line>
              <![CDATA[<font color='Black'>Starting execution ..</font></br>]]>
            </line>
            <line>
              <![CDATA[<font color='Black'>Launching google chrome..</font></br>]]>
            </line>
            <line>
              <![CDATA[<font color='Black'>testSuite null</font></br>]]>
            </line>
            <line>
              <![CDATA[<font color='Black'>BrowserType null</font></br>]]>
            </line>
            <line>
              <![CDATA[<font color='Orange'>Running on Environment : Stage</font></br>]]>
            </line>
            <line>
              <![CDATA[<font color='Black'>Running test Suite for: UPA</font></br>]]>
            </line>
          </reporter-output>
        </test-method> <!-- feature -->
        <test-method status="FAIL" signature="endTest(org.testng.ITestResult)[pri:0, instance:main.java.Runner.DemoTestNGRunner@7b49cea0]" name="endTest" is-config="true" duration-ms="3151" started-at="2020-04-23T13:16:58Z" finished-at="2020-04-23T13:17:01Z">
          <params>
            <param index="0">
              <value>
                <![CDATA[[TestResult name=feature status=FAILURE method=DemoTestNGRunner.feature(cucumber.api.testng.CucumberFeatureWrapper)[pri:0, instance:main.java.Runner.DemoTestNGRunner@7b49cea0] output=<font color='Black'>testSuite null</font></br>]]]>
              </value>
            </param>
          </params>
          <exception class="org.openqa.selenium.NoSuchSessionException">
            <message>
              <![CDATA[no such session
  (Driver info: chromedriver=2.37.544315 (730aa6a5fdba159ac9f4c1e8cbc59bf1b5ce12b7),platform=Windows NT 10.0.17763 x86_64) (WARNING: The server did not provide any stacktrace information)
Command duration or timeout: 6 milliseconds
Build info: version: '3.4.0', revision: 'unknown', time: 'unknown'
System info: host: 'LHTU05CG7493V87', ip: '10.233.235.245', os.name: 'Windows 10', os.arch: 'amd64', os.version: '10.0', java.version: '1.8.0_181'
Driver info: org.openqa.selenium.chrome.ChromeDriver
Capabilities [{applicationCacheEnabled=false, rotatable=false, mobileEmulationEnabled=false, networkConnectionEnabled=false, chrome={chromedriverVersion=2.37.544315 (730aa6a5fdba159ac9f4c1e8cbc59bf1b5ce12b7), userDataDir=C:\Users\pchaud19\AppData\Local\Temp\scoped_dir16388_30259}, takesHeapSnapshot=true, pageLoadStrategy=normal, databaseEnabled=false, handlesAlerts=true, hasTouchScreen=false, version=80.0.3987.163, platform=XP, browserConnectionEnabled=false, nativeEvents=true, acceptSslCerts=false, acceptInsecureCerts=false, locationContextEnabled=true, webStorageEnabled=true, browserName=chrome, takesScreenshot=true, javascriptEnabled=true, cssSelectorsEnabled=true, setWindowRect=true, unexpectedAlertBehaviour=}]
Session ID: 93de74ddbabb6a6fae459ec42fc72d49]]>
            </message>
            <full-stacktrace>
              <![CDATA[org.openqa.selenium.NoSuchSessionException: no such session
  (Driver info: chromedriver=2.37.544315 (730aa6a5fdba159ac9f4c1e8cbc59bf1b5ce12b7),platform=Windows NT 10.0.17763 x86_64) (WARNING: The server did not provide any stacktrace information)
Command duration or timeout: 6 milliseconds
Build info: version: '3.4.0', revision: 'unknown', time: 'unknown'
System info: host: 'LHTU05CG7493V87', ip: '10.233.235.245', os.name: 'Windows 10', os.arch: 'amd64', os.version: '10.0', java.version: '1.8.0_181'
Driver info: org.openqa.selenium.chrome.ChromeDriver
Capabilities [{applicationCacheEnabled=false, rotatable=false, mobileEmulationEnabled=false, networkConnectionEnabled=false, chrome={chromedriverVersion=2.37.544315 (730aa6a5fdba159ac9f4c1e8cbc59bf1b5ce12b7), userDataDir=C:\Users\pchaud19\AppData\Local\Temp\scoped_dir16388_30259}, takesHeapSnapshot=true, pageLoadStrategy=normal, databaseEnabled=false, handlesAlerts=true, hasTouchScreen=false, version=80.0.3987.163, platform=XP, browserConnectionEnabled=false, nativeEvents=true, acceptSslCerts=false, acceptInsecureCerts=false, locationContextEnabled=true, webStorageEnabled=true, browserName=chrome, takesScreenshot=true, javascriptEnabled=true, cssSelectorsEnabled=true, setWindowRect=true, unexpectedAlertBehaviour=}]
Session ID: 93de74ddbabb6a6fae459ec42fc72d49
	at sun.reflect.NativeConstructorAccessorImpl.newInstance0(Native Method)
	at sun.reflect.NativeConstructorAccessorImpl.newInstance(Unknown Source)
	at sun.reflect.DelegatingConstructorAccessorImpl.newInstance(Unknown Source)
	at java.lang.reflect.Constructor.newInstance(Unknown Source)
	at org.openqa.selenium.remote.ErrorHandler.createThrowable(ErrorHandler.java:215)
	at org.openqa.selenium.remote.ErrorHandler.throwIfResponseFailed(ErrorHandler.java:167)
	at org.openqa.selenium.remote.RemoteWebDriver.execute(RemoteWebDriver.java:671)
	at org.openqa.selenium.remote.RemoteWebDriver.execute(RemoteWebDriver.java:694)
	at org.openqa.selenium.remote.RemoteWebDriver.getScreenshotAs(RemoteWebDriver.java:382)
	at main.java.reporting.Log.captureScreenshot(Log.java:162)
	at main.java.reporting.Log.PageInfo(Log.java:143)
	at main.java.reporting.Log.Fail(Log.java:81)
	at main.java.reporting.Log.endTest(Log.java:70)
	at main.java.nativeFunctions.TestBase.endTest(TestBase.java:417)
	at sun.reflect.NativeMethodAccessorImpl.invoke0(Native Method)
	at sun.reflect.NativeMethodAccessorImpl.invoke(Unknown Source)
	at sun.reflect.DelegatingMethodAccessorImpl.invoke(Unknown Source)
	at java.lang.reflect.Method.invoke(Unknown Source)
	at org.testng.internal.MethodInvocationHelper.invokeMethod(MethodInvocationHelper.java:108)
	at org.testng.internal.Invoker.invokeConfigurationMethod(Invoker.java:523)
	at org.testng.internal.Invoker.invokeConfigurations(Invoker.java:224)
	at org.testng.internal.Invoker.invokeMethod(Invoker.java:723)
	at org.testng.internal.Invoker.invokeTestMethod(Invoker.java:869)
	at org.testng.internal.Invoker.invokeTestMethods(Invoker.java:1193)
	at org.testng.internal.TestMethodWorker.invokeTestMethods(TestMethodWorker.java:126)
	at org.testng.internal.TestMethodWorker.run(TestMethodWorker.java:109)
	at org.testng.TestRunner.privateRun(TestRunner.java:744)
	at org.testng.TestRunner.run(TestRunner.java:602)
	at org.testng.SuiteRunner.runTest(SuiteRunner.java:380)
	at org.testng.SuiteRunner.runSequentially(SuiteRunner.java:375)
	at org.testng.SuiteRunner.privateRun(SuiteRunner.java:340)
	at org.testng.SuiteRunner.run(SuiteRunner.java:289)
	at org.testng.SuiteRunnerWorker.runSuite(SuiteRunnerWorker.java:52)
	at org.testng.SuiteRunnerWorker.run(SuiteRunnerWorker.java:86)
	at org.testng.TestNG.runSuitesSequentially(TestNG.java:1301)
	at org.testng.TestNG.runSuitesLocally(TestNG.java:1226)
	at org.testng.TestNG.runSuites(TestNG.java:1144)
	at org.testng.TestNG.run(TestNG.java:1115)
	at org.testng.remote.AbstractRemoteTestNG.run(AbstractRemoteTestNG.java:132)
	at org.testng.remote.RemoteTestNG.initAndRun(RemoteTestNG.java:230)
	at org.testng.remote.RemoteTestNG.main(RemoteTestNG.java:76)
]]>
            </full-stacktrace>
          </exception> <!-- org.openqa.selenium.NoSuchSessionException -->
          <reporter-output>
          </reporter-output>
        </test-method> <!-- endTest -->
        <test-method status="SKIP" signature="afterClass(org.testng.ITestContext)[pri:0, instance:main.java.Runner.DemoTestNGRunner@7b49cea0]" name="afterClass" is-config="true" duration-ms="0" started-at="2020-04-23T13:17:01Z" finished-at="2020-04-23T13:17:01Z">
          <reporter-output>
          </reporter-output>
        </test-method> <!-- afterClass -->
        <test-method status="PASS" signature="tearDownClass()[pri:0, instance:main.java.Runner.DemoTestNGRunner@7b49cea0]" name="tearDownClass" is-config="true" duration-ms="88" started-at="2020-04-23T13:17:01Z" finished-at="2020-04-23T13:17:01Z">
          <reporter-output>
          </reporter-output>
        </test-method> <!-- tearDownClass -->
      </class> <!-- main.java.Runner.DemoTestNGRunner -->
    </test> <!-- Default test -->
  </suite> <!-- Default suite -->
</testng-results>
